<html>
<head>
<title>TestNG:  Surefire test</title>
<link href="../testng.css" rel="stylesheet" type="text/css" />
<link href="../my-testng.css" rel="stylesheet" type="text/css" />

<style type="text/css">
.log { display: none;} 
.stack-trace { display: none;} 
</style>
<script type="text/javascript">
<!--
function flip(e) {
  current = e.style.display;
  if (current == 'block') {
    e.style.display = 'none';
    return 0;
  }
  else {
    e.style.display = 'block';
    return 1;
  }
}

function toggleBox(szDivId, elem, msg1, msg2)
{
  var res = -1;  if (document.getElementById) {
    res = flip(document.getElementById(szDivId));
  }
  else if (document.all) {
    // this is the way old msie versions work
    res = flip(document.all[szDivId]);
  }
  if(elem) {
    if(res == 0) elem.innerHTML = msg1; else elem.innerHTML = msg2;
  }

}

function toggleAllBoxes() {
  if (document.getElementsByTagName) {
    d = document.getElementsByTagName('div');
    for (i = 0; i < d.length; i++) {
      if (d[i].className == 'log') {
        flip(d[i]);
      }
    }
  }
}

// -->
</script>

</head>
<body>
<h2 align='center'>Surefire test</h2><table border='1' align="center">
<tr>
<td>Tests passed/Failed/Skipped:</td><td>104/8/0</td>
</tr><tr>
<td>Started on:</td><td>Sun Feb 05 13:44:33 IST 2023</td>
</tr>
<tr><td>Total time:</td><td>396 seconds (396481 ms)</td>
</tr><tr>
<td>Included groups:</td><td></td>
</tr><tr>
<td>Excluded groups:</td><td></td>
</tr>
</table><p/>
<small><i>(Hover the method name to see the test class name)</i></small><p/>
<table width='100%' border='1' class='invocation-failed'>
<tr><td colspan='4' align='center'><b>FAILED TESTS</b></td></tr>
<tr><td><b>Test method</b></td>
<td><b>Attribute(s)</b></td>
<td width="30%"><b>Exception</b></td>
<td width="10%"><b>Time (seconds)</b></td>
<td><b>Instance</b></td>
</tr>
<tr>
<td title='testcases.Buttons_Test.doubleClick()'><b>doubleClick</b><br>Test class: testcases.Buttons_Test</td>
<td><div><pre>org.openqa.selenium.NoSuchElementException: no such element: Unable to locate element: {&quot;method&quot;:&quot;css selector&quot;,&quot;selector&quot;:&quot;#doubleClickMessage&quot;}
  (Session info: chrome=109.0.5414.119)
For documentation on this error, please visit: https://selenium.dev/exceptions/#no_such_element
Build info: version: &apos;4.7.2&apos;, revision: &apos;4d4020c3b7&apos;
System info: os.name: &apos;Linux&apos;, os.arch: &apos;amd64&apos;, os.version: &apos;5.14.0-1056-oem&apos;, java.version: &apos;11.0.17&apos;
Driver info: org.openqa.selenium.chrome.ChromeDriver
Command: [3d4bcb2bc572b46c22cf3fa467e79e54, findElement {using=id, value=doubleClickMessage}]
Capabilities {acceptInsecureCerts: false, browserName: chrome, browserVersion: 109.0.5414.119, chrome: {chromedriverVersion: 108.0.5359.71 (1e0e3868ee06..., userDataDir: /tmp/.com.google.Chrome.icEi2G}, goog:chromeOptions: {debuggerAddress: localhost:44325}, networkConnectionEnabled: false, pageLoadStrategy: normal, platformName: LINUX, proxy: Proxy(), se:cdp: ws://localhost:44325/devtoo..., se:cdpVersion: 109.0.5414.119, setWindowRect: true, strictFileInteractability: false, timeouts: {implicit: 0, pageLoad: 300000, script: 30000}, unhandledPromptBehavior: dismiss and notify, webauthn:extension:credBlob: true, webauthn:extension:largeBlob: true, webauthn:virtualAuthenticators: true}
Session ID: 3d4bcb2bc572b46c22cf3fa467e79e54
	at org.openqa.selenium.remote.codec.w3c.W3CHttpResponseCodec.createException(W3CHttpResponseCodec.java:200)
	at org.openqa.selenium.remote.codec.w3c.W3CHttpResponseCodec.decode(W3CHttpResponseCodec.java:133)
	at org.openqa.selenium.remote.codec.w3c.W3CHttpResponseCodec.decode(W3CHttpResponseCodec.java:53)
	at org.openqa.selenium.remote.HttpCommandExecutor.execute(HttpCommandExecutor.java:184)
	at org.openqa.selenium.remote.service.DriverCommandExecutor.invokeExecute(DriverCommandExecutor.java:167)
	at org.openqa.selenium.remote.service.DriverCommandExecutor.execute(DriverCommandExecutor.java:142)
	at org.openqa.selenium.remote.RemoteWebDriver.execute(RemoteWebDriver.java:535)
	at org.openqa.selenium.remote.ElementLocation$ElementFinder$2.findElement(ElementLocation.java:162)
	at org.openqa.selenium.remote.ElementLocation.findElement(ElementLocation.java:60)
	at org.openqa.selenium.remote.RemoteWebDriver.findElement(RemoteWebDriver.java:351)
	at org.openqa.selenium.remote.RemoteWebDriver.findElement(RemoteWebDriver.java:343)
	at locators.Buttons_locators.doubleClickMsg(Buttons_locators.java:23)
	at actions.Buttons.verify_Double_Click(Buttons.java:26)
	at testcases.Buttons_Test.doubleClick(Buttons_Test.java:22)
	at java.base/java.util.ArrayList.forEach(ArrayList.java:1541)
... Removed 36 stack frames</pre></div><a href='#' onClick='toggleBox("stack-trace413114271", this, "Click to show all stack frames", "Click to hide stack frames")'>Click to show all stack frames</a>
<div class='stack-trace' id='stack-trace413114271'><pre>org.openqa.selenium.NoSuchElementException: no such element: Unable to locate element: {&quot;method&quot;:&quot;css selector&quot;,&quot;selector&quot;:&quot;#doubleClickMessage&quot;}
  (Session info: chrome=109.0.5414.119)
For documentation on this error, please visit: https://selenium.dev/exceptions/#no_such_element
Build info: version: &apos;4.7.2&apos;, revision: &apos;4d4020c3b7&apos;
System info: os.name: &apos;Linux&apos;, os.arch: &apos;amd64&apos;, os.version: &apos;5.14.0-1056-oem&apos;, java.version: &apos;11.0.17&apos;
Driver info: org.openqa.selenium.chrome.ChromeDriver
Command: [3d4bcb2bc572b46c22cf3fa467e79e54, findElement {using=id, value=doubleClickMessage}]
Capabilities {acceptInsecureCerts: false, browserName: chrome, browserVersion: 109.0.5414.119, chrome: {chromedriverVersion: 108.0.5359.71 (1e0e3868ee06..., userDataDir: /tmp/.com.google.Chrome.icEi2G}, goog:chromeOptions: {debuggerAddress: localhost:44325}, networkConnectionEnabled: false, pageLoadStrategy: normal, platformName: LINUX, proxy: Proxy(), se:cdp: ws://localhost:44325/devtoo..., se:cdpVersion: 109.0.5414.119, setWindowRect: true, strictFileInteractability: false, timeouts: {implicit: 0, pageLoad: 300000, script: 30000}, unhandledPromptBehavior: dismiss and notify, webauthn:extension:credBlob: true, webauthn:extension:largeBlob: true, webauthn:virtualAuthenticators: true}
Session ID: 3d4bcb2bc572b46c22cf3fa467e79e54
	at java.base/jdk.internal.reflect.NativeConstructorAccessorImpl.newInstance0(Native Method)
	at java.base/jdk.internal.reflect.NativeConstructorAccessorImpl.newInstance(NativeConstructorAccessorImpl.java:62)
	at java.base/jdk.internal.reflect.DelegatingConstructorAccessorImpl.newInstance(DelegatingConstructorAccessorImpl.java:45)
	at java.base/java.lang.reflect.Constructor.newInstance(Constructor.java:490)
	at org.openqa.selenium.remote.codec.w3c.W3CHttpResponseCodec.createException(W3CHttpResponseCodec.java:200)
	at org.openqa.selenium.remote.codec.w3c.W3CHttpResponseCodec.decode(W3CHttpResponseCodec.java:133)
	at org.openqa.selenium.remote.codec.w3c.W3CHttpResponseCodec.decode(W3CHttpResponseCodec.java:53)
	at org.openqa.selenium.remote.HttpCommandExecutor.execute(HttpCommandExecutor.java:184)
	at org.openqa.selenium.remote.service.DriverCommandExecutor.invokeExecute(DriverCommandExecutor.java:167)
	at org.openqa.selenium.remote.service.DriverCommandExecutor.execute(DriverCommandExecutor.java:142)
	at org.openqa.selenium.remote.RemoteWebDriver.execute(RemoteWebDriver.java:535)
	at org.openqa.selenium.remote.ElementLocation$ElementFinder$2.findElement(ElementLocation.java:162)
	at org.openqa.selenium.remote.ElementLocation.findElement(ElementLocation.java:60)
	at org.openqa.selenium.remote.RemoteWebDriver.findElement(RemoteWebDriver.java:351)
	at org.openqa.selenium.remote.RemoteWebDriver.findElement(RemoteWebDriver.java:343)
	at locators.Buttons_locators.doubleClickMsg(Buttons_locators.java:23)
	at actions.Buttons.verify_Double_Click(Buttons.java:26)
	at testcases.Buttons_Test.doubleClick(Buttons_Test.java:22)
	at java.base/jdk.internal.reflect.NativeMethodAccessorImpl.invoke0(Native Method)
	at java.base/jdk.internal.reflect.NativeMethodAccessorImpl.invoke(NativeMethodAccessorImpl.java:62)
	at java.base/jdk.internal.reflect.DelegatingMethodAccessorImpl.invoke(DelegatingMethodAccessorImpl.java:43)
	at java.base/java.lang.reflect.Method.invoke(Method.java:566)
	at org.testng.internal.invokers.MethodInvocationHelper.invokeMethod(MethodInvocationHelper.java:139)
	at org.testng.internal.invokers.TestInvoker.invokeMethod(TestInvoker.java:677)
	at org.testng.internal.invokers.TestInvoker.invokeTestMethod(TestInvoker.java:221)
	at org.testng.internal.invokers.MethodRunner.runInSequence(MethodRunner.java:50)
	at org.testng.internal.invokers.TestInvoker$MethodInvocationAgent.invoke(TestInvoker.java:969)
	at org.testng.internal.invokers.TestInvoker.invokeTestMethods(TestInvoker.java:194)
	at org.testng.internal.invokers.TestMethodWorker.invokeTestMethods(TestMethodWorker.java:148)
	at org.testng.internal.invokers.TestMethodWorker.run(TestMethodWorker.java:128)
	at java.base/java.util.ArrayList.forEach(ArrayList.java:1541)
	at org.testng.TestRunner.privateRun(TestRunner.java:829)
	at org.testng.TestRunner.run(TestRunner.java:602)
	at org.testng.SuiteRunner.runTest(SuiteRunner.java:437)
	at org.testng.SuiteRunner.runSequentially(SuiteRunner.java:431)
	at org.testng.SuiteRunner.privateRun(SuiteRunner.java:391)
	at org.testng.SuiteRunner.run(SuiteRunner.java:330)
	at org.testng.SuiteRunnerWorker.runSuite(SuiteRunnerWorker.java:52)
	at org.testng.SuiteRunnerWorker.run(SuiteRunnerWorker.java:95)
	at org.testng.TestNG.runSuitesSequentially(TestNG.java:1256)
	at org.testng.TestNG.runSuitesLocally(TestNG.java:1176)
	at org.testng.TestNG.runSuites(TestNG.java:1099)
	at org.testng.TestNG.run(TestNG.java:1067)
	at org.apache.maven.surefire.testng.TestNGExecutor.run(TestNGExecutor.java:151)
	at org.apache.maven.surefire.testng.TestNGDirectoryTestSuite.executeMulti(TestNGDirectoryTestSuite.java:192)
	at org.apache.maven.surefire.testng.TestNGDirectoryTestSuite.execute(TestNGDirectoryTestSuite.java:93)
	at org.apache.maven.surefire.testng.TestNGProvider.invoke(TestNGProvider.java:155)
	at org.apache.maven.surefire.booter.ForkedBooter.runSuitesInProcess(ForkedBooter.java:456)
	at org.apache.maven.surefire.booter.ForkedBooter.execute(ForkedBooter.java:169)
	at org.apache.maven.surefire.booter.ForkedBooter.run(ForkedBooter.java:595)
	at org.apache.maven.surefire.booter.ForkedBooter.main(ForkedBooter.java:581)
</pre></div></td>
<td>0</td>
<td>testcases.Buttons_Test@405325cf</td></tr>
<tr>
<td title='testcases.Frames_Test.frame1()'><b>frame1</b><br>Test class: testcases.Frames_Test</td>
<td><div><pre>org.openqa.selenium.NoSuchElementException: no such element: Unable to locate element: {&quot;method&quot;:&quot;css selector&quot;,&quot;selector&quot;:&quot;#sampleHeading&quot;}
  (Session info: chrome=109.0.5414.119)
For documentation on this error, please visit: https://selenium.dev/exceptions/#no_such_element
Build info: version: &apos;4.7.2&apos;, revision: &apos;4d4020c3b7&apos;
System info: os.name: &apos;Linux&apos;, os.arch: &apos;amd64&apos;, os.version: &apos;5.14.0-1056-oem&apos;, java.version: &apos;11.0.17&apos;
Driver info: org.openqa.selenium.chrome.ChromeDriver
Command: [28be46693addf6fcd8cee817cf22a7d3, findElement {using=id, value=sampleHeading}]
Capabilities {acceptInsecureCerts: false, browserName: chrome, browserVersion: 109.0.5414.119, chrome: {chromedriverVersion: 108.0.5359.71 (1e0e3868ee06..., userDataDir: /tmp/.com.google.Chrome.OWse66}, goog:chromeOptions: {debuggerAddress: localhost:44693}, networkConnectionEnabled: false, pageLoadStrategy: normal, platformName: LINUX, proxy: Proxy(), se:cdp: ws://localhost:44693/devtoo..., se:cdpVersion: 109.0.5414.119, setWindowRect: true, strictFileInteractability: false, timeouts: {implicit: 0, pageLoad: 300000, script: 30000}, unhandledPromptBehavior: dismiss and notify, webauthn:extension:credBlob: true, webauthn:extension:largeBlob: true, webauthn:virtualAuthenticators: true}
Session ID: 28be46693addf6fcd8cee817cf22a7d3
	at org.openqa.selenium.remote.codec.w3c.W3CHttpResponseCodec.createException(W3CHttpResponseCodec.java:200)
	at org.openqa.selenium.remote.codec.w3c.W3CHttpResponseCodec.decode(W3CHttpResponseCodec.java:133)
	at org.openqa.selenium.remote.codec.w3c.W3CHttpResponseCodec.decode(W3CHttpResponseCodec.java:53)
	at org.openqa.selenium.remote.HttpCommandExecutor.execute(HttpCommandExecutor.java:184)
	at org.openqa.selenium.remote.service.DriverCommandExecutor.invokeExecute(DriverCommandExecutor.java:167)
	at org.openqa.selenium.remote.service.DriverCommandExecutor.execute(DriverCommandExecutor.java:142)
	at org.openqa.selenium.remote.RemoteWebDriver.execute(RemoteWebDriver.java:535)
	at org.openqa.selenium.remote.ElementLocation$ElementFinder$2.findElement(ElementLocation.java:162)
	at org.openqa.selenium.remote.ElementLocation.findElement(ElementLocation.java:60)
	at org.openqa.selenium.remote.RemoteWebDriver.findElement(RemoteWebDriver.java:351)
	at org.openqa.selenium.remote.RemoteWebDriver.findElement(RemoteWebDriver.java:343)
	at locators.Frames_locators.frame1Heading(Frames_locators.java:15)
	at actions.Frames.verify_frame1_heading(Frames.java:18)
	at testcases.Frames_Test.frame1(Frames_Test.java:21)
	at java.base/java.util.ArrayList.forEach(ArrayList.java:1541)
... Removed 36 stack frames</pre></div><a href='#' onClick='toggleBox("stack-trace698477669", this, "Click to show all stack frames", "Click to hide stack frames")'>Click to show all stack frames</a>
<div class='stack-trace' id='stack-trace698477669'><pre>org.openqa.selenium.NoSuchElementException: no such element: Unable to locate element: {&quot;method&quot;:&quot;css selector&quot;,&quot;selector&quot;:&quot;#sampleHeading&quot;}
  (Session info: chrome=109.0.5414.119)
For documentation on this error, please visit: https://selenium.dev/exceptions/#no_such_element
Build info: version: &apos;4.7.2&apos;, revision: &apos;4d4020c3b7&apos;
System info: os.name: &apos;Linux&apos;, os.arch: &apos;amd64&apos;, os.version: &apos;5.14.0-1056-oem&apos;, java.version: &apos;11.0.17&apos;
Driver info: org.openqa.selenium.chrome.ChromeDriver
Command: [28be46693addf6fcd8cee817cf22a7d3, findElement {using=id, value=sampleHeading}]
Capabilities {acceptInsecureCerts: false, browserName: chrome, browserVersion: 109.0.5414.119, chrome: {chromedriverVersion: 108.0.5359.71 (1e0e3868ee06..., userDataDir: /tmp/.com.google.Chrome.OWse66}, goog:chromeOptions: {debuggerAddress: localhost:44693}, networkConnectionEnabled: false, pageLoadStrategy: normal, platformName: LINUX, proxy: Proxy(), se:cdp: ws://localhost:44693/devtoo..., se:cdpVersion: 109.0.5414.119, setWindowRect: true, strictFileInteractability: false, timeouts: {implicit: 0, pageLoad: 300000, script: 30000}, unhandledPromptBehavior: dismiss and notify, webauthn:extension:credBlob: true, webauthn:extension:largeBlob: true, webauthn:virtualAuthenticators: true}
Session ID: 28be46693addf6fcd8cee817cf22a7d3
	at java.base/jdk.internal.reflect.NativeConstructorAccessorImpl.newInstance0(Native Method)
	at java.base/jdk.internal.reflect.NativeConstructorAccessorImpl.newInstance(NativeConstructorAccessorImpl.java:62)
	at java.base/jdk.internal.reflect.DelegatingConstructorAccessorImpl.newInstance(DelegatingConstructorAccessorImpl.java:45)
	at java.base/java.lang.reflect.Constructor.newInstance(Constructor.java:490)
	at org.openqa.selenium.remote.codec.w3c.W3CHttpResponseCodec.createException(W3CHttpResponseCodec.java:200)
	at org.openqa.selenium.remote.codec.w3c.W3CHttpResponseCodec.decode(W3CHttpResponseCodec.java:133)
	at org.openqa.selenium.remote.codec.w3c.W3CHttpResponseCodec.decode(W3CHttpResponseCodec.java:53)
	at org.openqa.selenium.remote.HttpCommandExecutor.execute(HttpCommandExecutor.java:184)
	at org.openqa.selenium.remote.service.DriverCommandExecutor.invokeExecute(DriverCommandExecutor.java:167)
	at org.openqa.selenium.remote.service.DriverCommandExecutor.execute(DriverCommandExecutor.java:142)
	at org.openqa.selenium.remote.RemoteWebDriver.execute(RemoteWebDriver.java:535)
	at org.openqa.selenium.remote.ElementLocation$ElementFinder$2.findElement(ElementLocation.java:162)
	at org.openqa.selenium.remote.ElementLocation.findElement(ElementLocation.java:60)
	at org.openqa.selenium.remote.RemoteWebDriver.findElement(RemoteWebDriver.java:351)
	at org.openqa.selenium.remote.RemoteWebDriver.findElement(RemoteWebDriver.java:343)
	at locators.Frames_locators.frame1Heading(Frames_locators.java:15)
	at actions.Frames.verify_frame1_heading(Frames.java:18)
	at testcases.Frames_Test.frame1(Frames_Test.java:21)
	at java.base/jdk.internal.reflect.NativeMethodAccessorImpl.invoke0(Native Method)
	at java.base/jdk.internal.reflect.NativeMethodAccessorImpl.invoke(NativeMethodAccessorImpl.java:62)
	at java.base/jdk.internal.reflect.DelegatingMethodAccessorImpl.invoke(DelegatingMethodAccessorImpl.java:43)
	at java.base/java.lang.reflect.Method.invoke(Method.java:566)
	at org.testng.internal.invokers.MethodInvocationHelper.invokeMethod(MethodInvocationHelper.java:139)
	at org.testng.internal.invokers.TestInvoker.invokeMethod(TestInvoker.java:677)
	at org.testng.internal.invokers.TestInvoker.invokeTestMethod(TestInvoker.java:221)
	at org.testng.internal.invokers.MethodRunner.runInSequence(MethodRunner.java:50)
	at org.testng.internal.invokers.TestInvoker$MethodInvocationAgent.invoke(TestInvoker.java:969)
	at org.testng.internal.invokers.TestInvoker.invokeTestMethods(TestInvoker.java:194)
	at org.testng.internal.invokers.TestMethodWorker.invokeTestMethods(TestMethodWorker.java:148)
	at org.testng.internal.invokers.TestMethodWorker.run(TestMethodWorker.java:128)
	at java.base/java.util.ArrayList.forEach(ArrayList.java:1541)
	at org.testng.TestRunner.privateRun(TestRunner.java:829)
	at org.testng.TestRunner.run(TestRunner.java:602)
	at org.testng.SuiteRunner.runTest(SuiteRunner.java:437)
	at org.testng.SuiteRunner.runSequentially(SuiteRunner.java:431)
	at org.testng.SuiteRunner.privateRun(SuiteRunner.java:391)
	at org.testng.SuiteRunner.run(SuiteRunner.java:330)
	at org.testng.SuiteRunnerWorker.runSuite(SuiteRunnerWorker.java:52)
	at org.testng.SuiteRunnerWorker.run(SuiteRunnerWorker.java:95)
	at org.testng.TestNG.runSuitesSequentially(TestNG.java:1256)
	at org.testng.TestNG.runSuitesLocally(TestNG.java:1176)
	at org.testng.TestNG.runSuites(TestNG.java:1099)
	at org.testng.TestNG.run(TestNG.java:1067)
	at org.apache.maven.surefire.testng.TestNGExecutor.run(TestNGExecutor.java:151)
	at org.apache.maven.surefire.testng.TestNGDirectoryTestSuite.executeMulti(TestNGDirectoryTestSuite.java:192)
	at org.apache.maven.surefire.testng.TestNGDirectoryTestSuite.execute(TestNGDirectoryTestSuite.java:93)
	at org.apache.maven.surefire.testng.TestNGProvider.invoke(TestNGProvider.java:155)
	at org.apache.maven.surefire.booter.ForkedBooter.runSuitesInProcess(ForkedBooter.java:456)
	at org.apache.maven.surefire.booter.ForkedBooter.execute(ForkedBooter.java:169)
	at org.apache.maven.surefire.booter.ForkedBooter.run(ForkedBooter.java:595)
	at org.apache.maven.surefire.booter.ForkedBooter.main(ForkedBooter.java:581)
</pre></div></td>
<td>0</td>
<td>testcases.Frames_Test@b273a59</td></tr>
<tr>
<td title='testcases.Windows_Test.new_msg_window()'><b>new_msg_window</b><br>Test class: testcases.Windows_Test</td>
<td><div><pre>java.lang.AssertionError: expected [Knowledge increases by sharing but not by saving. Please share this website with your friends and in your organization.] but found [This is a sample page]
	at utilities.CommonUtilities.verify_texts_equal(CommonUtilities.java:33)
	at actions.Windows.verify_msgwindow_heading(Windows.java:36)
	at testcases.Windows_Test.new_msg_window(Windows_Test.java:53)
	at java.base/java.util.ArrayList.forEach(ArrayList.java:1541)
... Removed 38 stack frames</pre></div><a href='#' onClick='toggleBox("stack-trace1163059848", this, "Click to show all stack frames", "Click to hide stack frames")'>Click to show all stack frames</a>
<div class='stack-trace' id='stack-trace1163059848'><pre>java.lang.AssertionError: expected [Knowledge increases by sharing but not by saving. Please share this website with your friends and in your organization.] but found [This is a sample page]
	at org.testng.Assert.fail(Assert.java:110)
	at org.testng.Assert.failNotEquals(Assert.java:1577)
	at org.testng.Assert.assertEqualsImpl(Assert.java:149)
	at org.testng.Assert.assertEquals(Assert.java:131)
	at org.testng.Assert.assertEquals(Assert.java:655)
	at org.testng.Assert.assertEquals(Assert.java:665)
	at utilities.CommonUtilities.verify_texts_equal(CommonUtilities.java:33)
	at actions.Windows.verify_msgwindow_heading(Windows.java:36)
	at testcases.Windows_Test.new_msg_window(Windows_Test.java:53)
	at java.base/jdk.internal.reflect.NativeMethodAccessorImpl.invoke0(Native Method)
	at java.base/jdk.internal.reflect.NativeMethodAccessorImpl.invoke(NativeMethodAccessorImpl.java:62)
	at java.base/jdk.internal.reflect.DelegatingMethodAccessorImpl.invoke(DelegatingMethodAccessorImpl.java:43)
	at java.base/java.lang.reflect.Method.invoke(Method.java:566)
	at org.testng.internal.invokers.MethodInvocationHelper.invokeMethod(MethodInvocationHelper.java:139)
	at org.testng.internal.invokers.TestInvoker.invokeMethod(TestInvoker.java:677)
	at org.testng.internal.invokers.TestInvoker.invokeTestMethod(TestInvoker.java:221)
	at org.testng.internal.invokers.MethodRunner.runInSequence(MethodRunner.java:50)
	at org.testng.internal.invokers.TestInvoker$MethodInvocationAgent.invoke(TestInvoker.java:969)
	at org.testng.internal.invokers.TestInvoker.invokeTestMethods(TestInvoker.java:194)
	at org.testng.internal.invokers.TestMethodWorker.invokeTestMethods(TestMethodWorker.java:148)
	at org.testng.internal.invokers.TestMethodWorker.run(TestMethodWorker.java:128)
	at java.base/java.util.ArrayList.forEach(ArrayList.java:1541)
	at org.testng.TestRunner.privateRun(TestRunner.java:829)
	at org.testng.TestRunner.run(TestRunner.java:602)
	at org.testng.SuiteRunner.runTest(SuiteRunner.java:437)
	at org.testng.SuiteRunner.runSequentially(SuiteRunner.java:431)
	at org.testng.SuiteRunner.privateRun(SuiteRunner.java:391)
	at org.testng.SuiteRunner.run(SuiteRunner.java:330)
	at org.testng.SuiteRunnerWorker.runSuite(SuiteRunnerWorker.java:52)
	at org.testng.SuiteRunnerWorker.run(SuiteRunnerWorker.java:95)
	at org.testng.TestNG.runSuitesSequentially(TestNG.java:1256)
	at org.testng.TestNG.runSuitesLocally(TestNG.java:1176)
	at org.testng.TestNG.runSuites(TestNG.java:1099)
	at org.testng.TestNG.run(TestNG.java:1067)
	at org.apache.maven.surefire.testng.TestNGExecutor.run(TestNGExecutor.java:151)
	at org.apache.maven.surefire.testng.TestNGDirectoryTestSuite.executeMulti(TestNGDirectoryTestSuite.java:192)
	at org.apache.maven.surefire.testng.TestNGDirectoryTestSuite.execute(TestNGDirectoryTestSuite.java:93)
	at org.apache.maven.surefire.testng.TestNGProvider.invoke(TestNGProvider.java:155)
	at org.apache.maven.surefire.booter.ForkedBooter.runSuitesInProcess(ForkedBooter.java:456)
	at org.apache.maven.surefire.booter.ForkedBooter.execute(ForkedBooter.java:169)
	at org.apache.maven.surefire.booter.ForkedBooter.run(ForkedBooter.java:595)
	at org.apache.maven.surefire.booter.ForkedBooter.main(ForkedBooter.java:581)
</pre></div></td>
<td>0</td>
<td>testcases.Windows_Test@3b809711</td></tr>
<tr>
<td title='testcases.Frames_Test.frame2()'><b>frame2</b><br>Test class: testcases.Frames_Test</td>
<td><div><pre>org.openqa.selenium.NoSuchElementException: no such element: Unable to locate element: {&quot;method&quot;:&quot;css selector&quot;,&quot;selector&quot;:&quot;#sampleHeading&quot;}
  (Session info: chrome=109.0.5414.119)
For documentation on this error, please visit: https://selenium.dev/exceptions/#no_such_element
Build info: version: &apos;4.7.2&apos;, revision: &apos;4d4020c3b7&apos;
System info: os.name: &apos;Linux&apos;, os.arch: &apos;amd64&apos;, os.version: &apos;5.14.0-1056-oem&apos;, java.version: &apos;11.0.17&apos;
Driver info: org.openqa.selenium.chrome.ChromeDriver
Command: [28be46693addf6fcd8cee817cf22a7d3, findElement {using=id, value=sampleHeading}]
Capabilities {acceptInsecureCerts: false, browserName: chrome, browserVersion: 109.0.5414.119, chrome: {chromedriverVersion: 108.0.5359.71 (1e0e3868ee06..., userDataDir: /tmp/.com.google.Chrome.OWse66}, goog:chromeOptions: {debuggerAddress: localhost:44693}, networkConnectionEnabled: false, pageLoadStrategy: normal, platformName: LINUX, proxy: Proxy(), se:cdp: ws://localhost:44693/devtoo..., se:cdpVersion: 109.0.5414.119, setWindowRect: true, strictFileInteractability: false, timeouts: {implicit: 0, pageLoad: 300000, script: 30000}, unhandledPromptBehavior: dismiss and notify, webauthn:extension:credBlob: true, webauthn:extension:largeBlob: true, webauthn:virtualAuthenticators: true}
Session ID: 28be46693addf6fcd8cee817cf22a7d3
	at org.openqa.selenium.remote.codec.w3c.W3CHttpResponseCodec.createException(W3CHttpResponseCodec.java:200)
	at org.openqa.selenium.remote.codec.w3c.W3CHttpResponseCodec.decode(W3CHttpResponseCodec.java:133)
	at org.openqa.selenium.remote.codec.w3c.W3CHttpResponseCodec.decode(W3CHttpResponseCodec.java:53)
	at org.openqa.selenium.remote.HttpCommandExecutor.execute(HttpCommandExecutor.java:184)
	at org.openqa.selenium.remote.service.DriverCommandExecutor.invokeExecute(DriverCommandExecutor.java:167)
	at org.openqa.selenium.remote.service.DriverCommandExecutor.execute(DriverCommandExecutor.java:142)
	at org.openqa.selenium.remote.RemoteWebDriver.execute(RemoteWebDriver.java:535)
	at org.openqa.selenium.remote.ElementLocation$ElementFinder$2.findElement(ElementLocation.java:162)
	at org.openqa.selenium.remote.ElementLocation.findElement(ElementLocation.java:60)
	at org.openqa.selenium.remote.RemoteWebDriver.findElement(RemoteWebDriver.java:351)
	at org.openqa.selenium.remote.RemoteWebDriver.findElement(RemoteWebDriver.java:343)
	at locators.Frames_locators.frame2Heading(Frames_locators.java:23)
	at actions.Frames.verify_frame2_heading(Frames.java:28)
	at testcases.Frames_Test.frame2(Frames_Test.java:28)
	at java.base/java.util.ArrayList.forEach(ArrayList.java:1541)
... Removed 36 stack frames</pre></div><a href='#' onClick='toggleBox("stack-trace224280405", this, "Click to show all stack frames", "Click to hide stack frames")'>Click to show all stack frames</a>
<div class='stack-trace' id='stack-trace224280405'><pre>org.openqa.selenium.NoSuchElementException: no such element: Unable to locate element: {&quot;method&quot;:&quot;css selector&quot;,&quot;selector&quot;:&quot;#sampleHeading&quot;}
  (Session info: chrome=109.0.5414.119)
For documentation on this error, please visit: https://selenium.dev/exceptions/#no_such_element
Build info: version: &apos;4.7.2&apos;, revision: &apos;4d4020c3b7&apos;
System info: os.name: &apos;Linux&apos;, os.arch: &apos;amd64&apos;, os.version: &apos;5.14.0-1056-oem&apos;, java.version: &apos;11.0.17&apos;
Driver info: org.openqa.selenium.chrome.ChromeDriver
Command: [28be46693addf6fcd8cee817cf22a7d3, findElement {using=id, value=sampleHeading}]
Capabilities {acceptInsecureCerts: false, browserName: chrome, browserVersion: 109.0.5414.119, chrome: {chromedriverVersion: 108.0.5359.71 (1e0e3868ee06..., userDataDir: /tmp/.com.google.Chrome.OWse66}, goog:chromeOptions: {debuggerAddress: localhost:44693}, networkConnectionEnabled: false, pageLoadStrategy: normal, platformName: LINUX, proxy: Proxy(), se:cdp: ws://localhost:44693/devtoo..., se:cdpVersion: 109.0.5414.119, setWindowRect: true, strictFileInteractability: false, timeouts: {implicit: 0, pageLoad: 300000, script: 30000}, unhandledPromptBehavior: dismiss and notify, webauthn:extension:credBlob: true, webauthn:extension:largeBlob: true, webauthn:virtualAuthenticators: true}
Session ID: 28be46693addf6fcd8cee817cf22a7d3
	at java.base/jdk.internal.reflect.NativeConstructorAccessorImpl.newInstance0(Native Method)
	at java.base/jdk.internal.reflect.NativeConstructorAccessorImpl.newInstance(NativeConstructorAccessorImpl.java:62)
	at java.base/jdk.internal.reflect.DelegatingConstructorAccessorImpl.newInstance(DelegatingConstructorAccessorImpl.java:45)
	at java.base/java.lang.reflect.Constructor.newInstance(Constructor.java:490)
	at org.openqa.selenium.remote.codec.w3c.W3CHttpResponseCodec.createException(W3CHttpResponseCodec.java:200)
	at org.openqa.selenium.remote.codec.w3c.W3CHttpResponseCodec.decode(W3CHttpResponseCodec.java:133)
	at org.openqa.selenium.remote.codec.w3c.W3CHttpResponseCodec.decode(W3CHttpResponseCodec.java:53)
	at org.openqa.selenium.remote.HttpCommandExecutor.execute(HttpCommandExecutor.java:184)
	at org.openqa.selenium.remote.service.DriverCommandExecutor.invokeExecute(DriverCommandExecutor.java:167)
	at org.openqa.selenium.remote.service.DriverCommandExecutor.execute(DriverCommandExecutor.java:142)
	at org.openqa.selenium.remote.RemoteWebDriver.execute(RemoteWebDriver.java:535)
	at org.openqa.selenium.remote.ElementLocation$ElementFinder$2.findElement(ElementLocation.java:162)
	at org.openqa.selenium.remote.ElementLocation.findElement(ElementLocation.java:60)
	at org.openqa.selenium.remote.RemoteWebDriver.findElement(RemoteWebDriver.java:351)
	at org.openqa.selenium.remote.RemoteWebDriver.findElement(RemoteWebDriver.java:343)
	at locators.Frames_locators.frame2Heading(Frames_locators.java:23)
	at actions.Frames.verify_frame2_heading(Frames.java:28)
	at testcases.Frames_Test.frame2(Frames_Test.java:28)
	at java.base/jdk.internal.reflect.NativeMethodAccessorImpl.invoke0(Native Method)
	at java.base/jdk.internal.reflect.NativeMethodAccessorImpl.invoke(NativeMethodAccessorImpl.java:62)
	at java.base/jdk.internal.reflect.DelegatingMethodAccessorImpl.invoke(DelegatingMethodAccessorImpl.java:43)
	at java.base/java.lang.reflect.Method.invoke(Method.java:566)
	at org.testng.internal.invokers.MethodInvocationHelper.invokeMethod(MethodInvocationHelper.java:139)
	at org.testng.internal.invokers.TestInvoker.invokeMethod(TestInvoker.java:677)
	at org.testng.internal.invokers.TestInvoker.invokeTestMethod(TestInvoker.java:221)
	at org.testng.internal.invokers.MethodRunner.runInSequence(MethodRunner.java:50)
	at org.testng.internal.invokers.TestInvoker$MethodInvocationAgent.invoke(TestInvoker.java:969)
	at org.testng.internal.invokers.TestInvoker.invokeTestMethods(TestInvoker.java:194)
	at org.testng.internal.invokers.TestMethodWorker.invokeTestMethods(TestMethodWorker.java:148)
	at org.testng.internal.invokers.TestMethodWorker.run(TestMethodWorker.java:128)
	at java.base/java.util.ArrayList.forEach(ArrayList.java:1541)
	at org.testng.TestRunner.privateRun(TestRunner.java:829)
	at org.testng.TestRunner.run(TestRunner.java:602)
	at org.testng.SuiteRunner.runTest(SuiteRunner.java:437)
	at org.testng.SuiteRunner.runSequentially(SuiteRunner.java:431)
	at org.testng.SuiteRunner.privateRun(SuiteRunner.java:391)
	at org.testng.SuiteRunner.run(SuiteRunner.java:330)
	at org.testng.SuiteRunnerWorker.runSuite(SuiteRunnerWorker.java:52)
	at org.testng.SuiteRunnerWorker.run(SuiteRunnerWorker.java:95)
	at org.testng.TestNG.runSuitesSequentially(TestNG.java:1256)
	at org.testng.TestNG.runSuitesLocally(TestNG.java:1176)
	at org.testng.TestNG.runSuites(TestNG.java:1099)
	at org.testng.TestNG.run(TestNG.java:1067)
	at org.apache.maven.surefire.testng.TestNGExecutor.run(TestNGExecutor.java:151)
	at org.apache.maven.surefire.testng.TestNGDirectoryTestSuite.executeMulti(TestNGDirectoryTestSuite.java:192)
	at org.apache.maven.surefire.testng.TestNGDirectoryTestSuite.execute(TestNGDirectoryTestSuite.java:93)
	at org.apache.maven.surefire.testng.TestNGProvider.invoke(TestNGProvider.java:155)
	at org.apache.maven.surefire.booter.ForkedBooter.runSuitesInProcess(ForkedBooter.java:456)
	at org.apache.maven.surefire.booter.ForkedBooter.execute(ForkedBooter.java:169)
	at org.apache.maven.surefire.booter.ForkedBooter.run(ForkedBooter.java:595)
	at org.apache.maven.surefire.booter.ForkedBooter.main(ForkedBooter.java:581)
</pre></div></td>
<td>0</td>
<td>testcases.Frames_Test@b273a59</td></tr>
<tr>
<td title='testcases.Datepicker_Test.calender1()'><b>calender1</b><br>Test class: testcases.Datepicker_Test</td>
<td><div><pre>org.openqa.selenium.NoSuchElementException: no such element: Unable to locate element: {&quot;method&quot;:&quot;xpath&quot;,&quot;selector&quot;:&quot;//*[@id=&apos;datePickerMonthYear&apos;]/div[2]/div[2]/div/div/div[2]/div[1]/div[2]/div[2]/select&quot;}
  (Session info: chrome=109.0.5414.119)
For documentation on this error, please visit: https://selenium.dev/exceptions/#no_such_element
Build info: version: &apos;4.7.2&apos;, revision: &apos;4d4020c3b7&apos;
System info: os.name: &apos;Linux&apos;, os.arch: &apos;amd64&apos;, os.version: &apos;5.14.0-1056-oem&apos;, java.version: &apos;11.0.17&apos;
Driver info: org.openqa.selenium.chrome.ChromeDriver
Command: [be51c252a5a01989ff65fbfa297f18e5, findElement {using=xpath, value=//*[@id=&apos;datePickerMonthYear&apos;]/div[2]/div[2]/div/div/div[2]/div[1]/div[2]/div[2]/select}]
Capabilities {acceptInsecureCerts: false, browserName: chrome, browserVersion: 109.0.5414.119, chrome: {chromedriverVersion: 108.0.5359.71 (1e0e3868ee06..., userDataDir: /tmp/.com.google.Chrome.ruM1hh}, goog:chromeOptions: {debuggerAddress: localhost:33273}, networkConnectionEnabled: false, pageLoadStrategy: normal, platformName: LINUX, proxy: Proxy(), se:cdp: ws://localhost:33273/devtoo..., se:cdpVersion: 109.0.5414.119, setWindowRect: true, strictFileInteractability: false, timeouts: {implicit: 0, pageLoad: 300000, script: 30000}, unhandledPromptBehavior: dismiss and notify, webauthn:extension:credBlob: true, webauthn:extension:largeBlob: true, webauthn:virtualAuthenticators: true}
Session ID: be51c252a5a01989ff65fbfa297f18e5
	at org.openqa.selenium.remote.codec.w3c.W3CHttpResponseCodec.createException(W3CHttpResponseCodec.java:200)
	at org.openqa.selenium.remote.codec.w3c.W3CHttpResponseCodec.decode(W3CHttpResponseCodec.java:133)
	at org.openqa.selenium.remote.codec.w3c.W3CHttpResponseCodec.decode(W3CHttpResponseCodec.java:53)
	at org.openqa.selenium.remote.HttpCommandExecutor.execute(HttpCommandExecutor.java:184)
	at org.openqa.selenium.remote.service.DriverCommandExecutor.invokeExecute(DriverCommandExecutor.java:167)
	at org.openqa.selenium.remote.service.DriverCommandExecutor.execute(DriverCommandExecutor.java:142)
	at org.openqa.selenium.remote.RemoteWebDriver.execute(RemoteWebDriver.java:535)
	at org.openqa.selenium.remote.ElementLocation$ElementFinder$2.findElement(ElementLocation.java:162)
	at org.openqa.selenium.remote.ElementLocation.findElement(ElementLocation.java:60)
	at org.openqa.selenium.remote.RemoteWebDriver.findElement(RemoteWebDriver.java:351)
	at org.openqa.selenium.remote.RemoteWebDriver.findElement(RemoteWebDriver.java:343)
	at locators.DatePicker_locators.calender1YearSelect(DatePicker_locators.java:21)
	at actions.DatePicker.select_year_calender1(DatePicker.java:22)
	at testcases.Datepicker_Test.calender1(Datepicker_Test.java:21)
	at java.base/java.util.ArrayList.forEach(ArrayList.java:1541)
... Removed 36 stack frames</pre></div><a href='#' onClick='toggleBox("stack-trace595239111", this, "Click to show all stack frames", "Click to hide stack frames")'>Click to show all stack frames</a>
<div class='stack-trace' id='stack-trace595239111'><pre>org.openqa.selenium.NoSuchElementException: no such element: Unable to locate element: {&quot;method&quot;:&quot;xpath&quot;,&quot;selector&quot;:&quot;//*[@id=&apos;datePickerMonthYear&apos;]/div[2]/div[2]/div/div/div[2]/div[1]/div[2]/div[2]/select&quot;}
  (Session info: chrome=109.0.5414.119)
For documentation on this error, please visit: https://selenium.dev/exceptions/#no_such_element
Build info: version: &apos;4.7.2&apos;, revision: &apos;4d4020c3b7&apos;
System info: os.name: &apos;Linux&apos;, os.arch: &apos;amd64&apos;, os.version: &apos;5.14.0-1056-oem&apos;, java.version: &apos;11.0.17&apos;
Driver info: org.openqa.selenium.chrome.ChromeDriver
Command: [be51c252a5a01989ff65fbfa297f18e5, findElement {using=xpath, value=//*[@id=&apos;datePickerMonthYear&apos;]/div[2]/div[2]/div/div/div[2]/div[1]/div[2]/div[2]/select}]
Capabilities {acceptInsecureCerts: false, browserName: chrome, browserVersion: 109.0.5414.119, chrome: {chromedriverVersion: 108.0.5359.71 (1e0e3868ee06..., userDataDir: /tmp/.com.google.Chrome.ruM1hh}, goog:chromeOptions: {debuggerAddress: localhost:33273}, networkConnectionEnabled: false, pageLoadStrategy: normal, platformName: LINUX, proxy: Proxy(), se:cdp: ws://localhost:33273/devtoo..., se:cdpVersion: 109.0.5414.119, setWindowRect: true, strictFileInteractability: false, timeouts: {implicit: 0, pageLoad: 300000, script: 30000}, unhandledPromptBehavior: dismiss and notify, webauthn:extension:credBlob: true, webauthn:extension:largeBlob: true, webauthn:virtualAuthenticators: true}
Session ID: be51c252a5a01989ff65fbfa297f18e5
	at java.base/jdk.internal.reflect.NativeConstructorAccessorImpl.newInstance0(Native Method)
	at java.base/jdk.internal.reflect.NativeConstructorAccessorImpl.newInstance(NativeConstructorAccessorImpl.java:62)
	at java.base/jdk.internal.reflect.DelegatingConstructorAccessorImpl.newInstance(DelegatingConstructorAccessorImpl.java:45)
	at java.base/java.lang.reflect.Constructor.newInstance(Constructor.java:490)
	at org.openqa.selenium.remote.codec.w3c.W3CHttpResponseCodec.createException(W3CHttpResponseCodec.java:200)
	at org.openqa.selenium.remote.codec.w3c.W3CHttpResponseCodec.decode(W3CHttpResponseCodec.java:133)
	at org.openqa.selenium.remote.codec.w3c.W3CHttpResponseCodec.decode(W3CHttpResponseCodec.java:53)
	at org.openqa.selenium.remote.HttpCommandExecutor.execute(HttpCommandExecutor.java:184)
	at org.openqa.selenium.remote.service.DriverCommandExecutor.invokeExecute(DriverCommandExecutor.java:167)
	at org.openqa.selenium.remote.service.DriverCommandExecutor.execute(DriverCommandExecutor.java:142)
	at org.openqa.selenium.remote.RemoteWebDriver.execute(RemoteWebDriver.java:535)
	at org.openqa.selenium.remote.ElementLocation$ElementFinder$2.findElement(ElementLocation.java:162)
	at org.openqa.selenium.remote.ElementLocation.findElement(ElementLocation.java:60)
	at org.openqa.selenium.remote.RemoteWebDriver.findElement(RemoteWebDriver.java:351)
	at org.openqa.selenium.remote.RemoteWebDriver.findElement(RemoteWebDriver.java:343)
	at locators.DatePicker_locators.calender1YearSelect(DatePicker_locators.java:21)
	at actions.DatePicker.select_year_calender1(DatePicker.java:22)
	at testcases.Datepicker_Test.calender1(Datepicker_Test.java:21)
	at java.base/jdk.internal.reflect.NativeMethodAccessorImpl.invoke0(Native Method)
	at java.base/jdk.internal.reflect.NativeMethodAccessorImpl.invoke(NativeMethodAccessorImpl.java:62)
	at java.base/jdk.internal.reflect.DelegatingMethodAccessorImpl.invoke(DelegatingMethodAccessorImpl.java:43)
	at java.base/java.lang.reflect.Method.invoke(Method.java:566)
	at org.testng.internal.invokers.MethodInvocationHelper.invokeMethod(MethodInvocationHelper.java:139)
	at org.testng.internal.invokers.TestInvoker.invokeMethod(TestInvoker.java:677)
	at org.testng.internal.invokers.TestInvoker.invokeTestMethod(TestInvoker.java:221)
	at org.testng.internal.invokers.MethodRunner.runInSequence(MethodRunner.java:50)
	at org.testng.internal.invokers.TestInvoker$MethodInvocationAgent.invoke(TestInvoker.java:969)
	at org.testng.internal.invokers.TestInvoker.invokeTestMethods(TestInvoker.java:194)
	at org.testng.internal.invokers.TestMethodWorker.invokeTestMethods(TestMethodWorker.java:148)
	at org.testng.internal.invokers.TestMethodWorker.run(TestMethodWorker.java:128)
	at java.base/java.util.ArrayList.forEach(ArrayList.java:1541)
	at org.testng.TestRunner.privateRun(TestRunner.java:829)
	at org.testng.TestRunner.run(TestRunner.java:602)
	at org.testng.SuiteRunner.runTest(SuiteRunner.java:437)
	at org.testng.SuiteRunner.runSequentially(SuiteRunner.java:431)
	at org.testng.SuiteRunner.privateRun(SuiteRunner.java:391)
	at org.testng.SuiteRunner.run(SuiteRunner.java:330)
	at org.testng.SuiteRunnerWorker.runSuite(SuiteRunnerWorker.java:52)
	at org.testng.SuiteRunnerWorker.run(SuiteRunnerWorker.java:95)
	at org.testng.TestNG.runSuitesSequentially(TestNG.java:1256)
	at org.testng.TestNG.runSuitesLocally(TestNG.java:1176)
	at org.testng.TestNG.runSuites(TestNG.java:1099)
	at org.testng.TestNG.run(TestNG.java:1067)
	at org.apache.maven.surefire.testng.TestNGExecutor.run(TestNGExecutor.java:151)
	at org.apache.maven.surefire.testng.TestNGDirectoryTestSuite.executeMulti(TestNGDirectoryTestSuite.java:192)
	at org.apache.maven.surefire.testng.TestNGDirectoryTestSuite.execute(TestNGDirectoryTestSuite.java:93)
	at org.apache.maven.surefire.testng.TestNGProvider.invoke(TestNGProvider.java:155)
	at org.apache.maven.surefire.booter.ForkedBooter.runSuitesInProcess(ForkedBooter.java:456)
	at org.apache.maven.surefire.booter.ForkedBooter.execute(ForkedBooter.java:169)
	at org.apache.maven.surefire.booter.ForkedBooter.run(ForkedBooter.java:595)
	at org.apache.maven.surefire.booter.ForkedBooter.main(ForkedBooter.java:581)
</pre></div></td>
<td>0</td>
<td>testcases.Datepicker_Test@5bb3d42d</td></tr>
<tr>
<td title='testcases.Droppable_Test.simple_drag_drop()'><b>simple_drag_drop</b><br>Test class: testcases.Droppable_Test</td>
<td><div><pre>java.lang.AssertionError: expected [Dropped!] but found [Drop here]
	at utilities.CommonUtilities.verify_texts_equal(CommonUtilities.java:33)
	at actions.Droppable.verify_simple_drop_successful(Droppable.java:23)
	at testcases.Droppable_Test.simple_drag_drop(Droppable_Test.java:21)
	at java.base/java.util.ArrayList.forEach(ArrayList.java:1541)
... Removed 38 stack frames</pre></div><a href='#' onClick='toggleBox("stack-trace1507557910", this, "Click to show all stack frames", "Click to hide stack frames")'>Click to show all stack frames</a>
<div class='stack-trace' id='stack-trace1507557910'><pre>java.lang.AssertionError: expected [Dropped!] but found [Drop here]
	at org.testng.Assert.fail(Assert.java:110)
	at org.testng.Assert.failNotEquals(Assert.java:1577)
	at org.testng.Assert.assertEqualsImpl(Assert.java:149)
	at org.testng.Assert.assertEquals(Assert.java:131)
	at org.testng.Assert.assertEquals(Assert.java:655)
	at org.testng.Assert.assertEquals(Assert.java:665)
	at utilities.CommonUtilities.verify_texts_equal(CommonUtilities.java:33)
	at actions.Droppable.verify_simple_drop_successful(Droppable.java:23)
	at testcases.Droppable_Test.simple_drag_drop(Droppable_Test.java:21)
	at java.base/jdk.internal.reflect.NativeMethodAccessorImpl.invoke0(Native Method)
	at java.base/jdk.internal.reflect.NativeMethodAccessorImpl.invoke(NativeMethodAccessorImpl.java:62)
	at java.base/jdk.internal.reflect.DelegatingMethodAccessorImpl.invoke(DelegatingMethodAccessorImpl.java:43)
	at java.base/java.lang.reflect.Method.invoke(Method.java:566)
	at org.testng.internal.invokers.MethodInvocationHelper.invokeMethod(MethodInvocationHelper.java:139)
	at org.testng.internal.invokers.TestInvoker.invokeMethod(TestInvoker.java:677)
	at org.testng.internal.invokers.TestInvoker.invokeTestMethod(TestInvoker.java:221)
	at org.testng.internal.invokers.MethodRunner.runInSequence(MethodRunner.java:50)
	at org.testng.internal.invokers.TestInvoker$MethodInvocationAgent.invoke(TestInvoker.java:969)
	at org.testng.internal.invokers.TestInvoker.invokeTestMethods(TestInvoker.java:194)
	at org.testng.internal.invokers.TestMethodWorker.invokeTestMethods(TestMethodWorker.java:148)
	at org.testng.internal.invokers.TestMethodWorker.run(TestMethodWorker.java:128)
	at java.base/java.util.ArrayList.forEach(ArrayList.java:1541)
	at org.testng.TestRunner.privateRun(TestRunner.java:829)
	at org.testng.TestRunner.run(TestRunner.java:602)
	at org.testng.SuiteRunner.runTest(SuiteRunner.java:437)
	at org.testng.SuiteRunner.runSequentially(SuiteRunner.java:431)
	at org.testng.SuiteRunner.privateRun(SuiteRunner.java:391)
	at org.testng.SuiteRunner.run(SuiteRunner.java:330)
	at org.testng.SuiteRunnerWorker.runSuite(SuiteRunnerWorker.java:52)
	at org.testng.SuiteRunnerWorker.run(SuiteRunnerWorker.java:95)
	at org.testng.TestNG.runSuitesSequentially(TestNG.java:1256)
	at org.testng.TestNG.runSuitesLocally(TestNG.java:1176)
	at org.testng.TestNG.runSuites(TestNG.java:1099)
	at org.testng.TestNG.run(TestNG.java:1067)
	at org.apache.maven.surefire.testng.TestNGExecutor.run(TestNGExecutor.java:151)
	at org.apache.maven.surefire.testng.TestNGDirectoryTestSuite.executeMulti(TestNGDirectoryTestSuite.java:192)
	at org.apache.maven.surefire.testng.TestNGDirectoryTestSuite.execute(TestNGDirectoryTestSuite.java:93)
	at org.apache.maven.surefire.testng.TestNGProvider.invoke(TestNGProvider.java:155)
	at org.apache.maven.surefire.booter.ForkedBooter.runSuitesInProcess(ForkedBooter.java:456)
	at org.apache.maven.surefire.booter.ForkedBooter.execute(ForkedBooter.java:169)
	at org.apache.maven.surefire.booter.ForkedBooter.run(ForkedBooter.java:595)
	at org.apache.maven.surefire.booter.ForkedBooter.main(ForkedBooter.java:581)
</pre></div></td>
<td>0</td>
<td>testcases.Droppable_Test@6134ac4a</td></tr>
<tr>
<td title='testcases.Links_Test.clickLinks()'><b>clickLinks</b><br>Test class: testcases.Links_Test</td>
<td><div><pre>org.openqa.selenium.ElementClickInterceptedException: element click intercepted: Element &lt;a id=&quot;no-content&quot; href=&quot;javascript:void(0)&quot;&gt;...&lt;/a&gt; is not clickable at point (381, 492). Other element would receive the click: &lt;div&gt;...&lt;/div&gt;
  (Session info: chrome=109.0.5414.119)
Build info: version: &apos;4.7.2&apos;, revision: &apos;4d4020c3b7&apos;
System info: os.name: &apos;Linux&apos;, os.arch: &apos;amd64&apos;, os.version: &apos;5.14.0-1056-oem&apos;, java.version: &apos;11.0.17&apos;
Driver info: org.openqa.selenium.chrome.ChromeDriver
Command: [527da6ba8718ec60433112626bfaa8fb, clickElement {id=bd64f6fa-7608-4e49-ae46-3b6e2dc95f23}]
Capabilities {acceptInsecureCerts: false, browserName: chrome, browserVersion: 109.0.5414.119, chrome: {chromedriverVersion: 108.0.5359.71 (1e0e3868ee06..., userDataDir: /tmp/.com.google.Chrome.mSIFPD}, goog:chromeOptions: {debuggerAddress: localhost:37051}, networkConnectionEnabled: false, pageLoadStrategy: normal, platformName: LINUX, proxy: Proxy(), se:cdp: ws://localhost:37051/devtoo..., se:cdpVersion: 109.0.5414.119, setWindowRect: true, strictFileInteractability: false, timeouts: {implicit: 0, pageLoad: 300000, script: 30000}, unhandledPromptBehavior: dismiss and notify, webauthn:extension:credBlob: true, webauthn:extension:largeBlob: true, webauthn:virtualAuthenticators: true}
Element: [[ChromeDriver: chrome on LINUX (527da6ba8718ec60433112626bfaa8fb)] -&gt; css selector: p&gt;a]
Session ID: 527da6ba8718ec60433112626bfaa8fb
	at org.openqa.selenium.remote.codec.w3c.W3CHttpResponseCodec.createException(W3CHttpResponseCodec.java:200)
	at org.openqa.selenium.remote.codec.w3c.W3CHttpResponseCodec.decode(W3CHttpResponseCodec.java:133)
	at org.openqa.selenium.remote.codec.w3c.W3CHttpResponseCodec.decode(W3CHttpResponseCodec.java:53)
	at org.openqa.selenium.remote.HttpCommandExecutor.execute(HttpCommandExecutor.java:184)
	at org.openqa.selenium.remote.service.DriverCommandExecutor.invokeExecute(DriverCommandExecutor.java:167)
	at org.openqa.selenium.remote.service.DriverCommandExecutor.execute(DriverCommandExecutor.java:142)
	at org.openqa.selenium.remote.RemoteWebDriver.execute(RemoteWebDriver.java:535)
	at org.openqa.selenium.remote.RemoteWebElement.execute(RemoteWebElement.java:257)
	at org.openqa.selenium.remote.RemoteWebElement.click(RemoteWebElement.java:78)
	at actions.Links.click_Links(Links.java:15)
	at testcases.Links_Test.clickLinks(Links_Test.java:20)
	at java.base/java.util.ArrayList.forEach(ArrayList.java:1541)
... Removed 36 stack frames</pre></div><a href='#' onClick='toggleBox("stack-trace641306471", this, "Click to show all stack frames", "Click to hide stack frames")'>Click to show all stack frames</a>
<div class='stack-trace' id='stack-trace641306471'><pre>org.openqa.selenium.ElementClickInterceptedException: element click intercepted: Element &lt;a id=&quot;no-content&quot; href=&quot;javascript:void(0)&quot;&gt;...&lt;/a&gt; is not clickable at point (381, 492). Other element would receive the click: &lt;div&gt;...&lt;/div&gt;
  (Session info: chrome=109.0.5414.119)
Build info: version: &apos;4.7.2&apos;, revision: &apos;4d4020c3b7&apos;
System info: os.name: &apos;Linux&apos;, os.arch: &apos;amd64&apos;, os.version: &apos;5.14.0-1056-oem&apos;, java.version: &apos;11.0.17&apos;
Driver info: org.openqa.selenium.chrome.ChromeDriver
Command: [527da6ba8718ec60433112626bfaa8fb, clickElement {id=bd64f6fa-7608-4e49-ae46-3b6e2dc95f23}]
Capabilities {acceptInsecureCerts: false, browserName: chrome, browserVersion: 109.0.5414.119, chrome: {chromedriverVersion: 108.0.5359.71 (1e0e3868ee06..., userDataDir: /tmp/.com.google.Chrome.mSIFPD}, goog:chromeOptions: {debuggerAddress: localhost:37051}, networkConnectionEnabled: false, pageLoadStrategy: normal, platformName: LINUX, proxy: Proxy(), se:cdp: ws://localhost:37051/devtoo..., se:cdpVersion: 109.0.5414.119, setWindowRect: true, strictFileInteractability: false, timeouts: {implicit: 0, pageLoad: 300000, script: 30000}, unhandledPromptBehavior: dismiss and notify, webauthn:extension:credBlob: true, webauthn:extension:largeBlob: true, webauthn:virtualAuthenticators: true}
Element: [[ChromeDriver: chrome on LINUX (527da6ba8718ec60433112626bfaa8fb)] -&gt; css selector: p&gt;a]
Session ID: 527da6ba8718ec60433112626bfaa8fb
	at java.base/jdk.internal.reflect.NativeConstructorAccessorImpl.newInstance0(Native Method)
	at java.base/jdk.internal.reflect.NativeConstructorAccessorImpl.newInstance(NativeConstructorAccessorImpl.java:62)
	at java.base/jdk.internal.reflect.DelegatingConstructorAccessorImpl.newInstance(DelegatingConstructorAccessorImpl.java:45)
	at java.base/java.lang.reflect.Constructor.newInstance(Constructor.java:490)
	at org.openqa.selenium.remote.codec.w3c.W3CHttpResponseCodec.createException(W3CHttpResponseCodec.java:200)
	at org.openqa.selenium.remote.codec.w3c.W3CHttpResponseCodec.decode(W3CHttpResponseCodec.java:133)
	at org.openqa.selenium.remote.codec.w3c.W3CHttpResponseCodec.decode(W3CHttpResponseCodec.java:53)
	at org.openqa.selenium.remote.HttpCommandExecutor.execute(HttpCommandExecutor.java:184)
	at org.openqa.selenium.remote.service.DriverCommandExecutor.invokeExecute(DriverCommandExecutor.java:167)
	at org.openqa.selenium.remote.service.DriverCommandExecutor.execute(DriverCommandExecutor.java:142)
	at org.openqa.selenium.remote.RemoteWebDriver.execute(RemoteWebDriver.java:535)
	at org.openqa.selenium.remote.RemoteWebElement.execute(RemoteWebElement.java:257)
	at org.openqa.selenium.remote.RemoteWebElement.click(RemoteWebElement.java:78)
	at actions.Links.click_Links(Links.java:15)
	at testcases.Links_Test.clickLinks(Links_Test.java:20)
	at java.base/jdk.internal.reflect.NativeMethodAccessorImpl.invoke0(Native Method)
	at java.base/jdk.internal.reflect.NativeMethodAccessorImpl.invoke(NativeMethodAccessorImpl.java:62)
	at java.base/jdk.internal.reflect.DelegatingMethodAccessorImpl.invoke(DelegatingMethodAccessorImpl.java:43)
	at java.base/java.lang.reflect.Method.invoke(Method.java:566)
	at org.testng.internal.invokers.MethodInvocationHelper.invokeMethod(MethodInvocationHelper.java:139)
	at org.testng.internal.invokers.TestInvoker.invokeMethod(TestInvoker.java:677)
	at org.testng.internal.invokers.TestInvoker.invokeTestMethod(TestInvoker.java:221)
	at org.testng.internal.invokers.MethodRunner.runInSequence(MethodRunner.java:50)
	at org.testng.internal.invokers.TestInvoker$MethodInvocationAgent.invoke(TestInvoker.java:969)
	at org.testng.internal.invokers.TestInvoker.invokeTestMethods(TestInvoker.java:194)
	at org.testng.internal.invokers.TestMethodWorker.invokeTestMethods(TestMethodWorker.java:148)
	at org.testng.internal.invokers.TestMethodWorker.run(TestMethodWorker.java:128)
	at java.base/java.util.ArrayList.forEach(ArrayList.java:1541)
	at org.testng.TestRunner.privateRun(TestRunner.java:829)
	at org.testng.TestRunner.run(TestRunner.java:602)
	at org.testng.SuiteRunner.runTest(SuiteRunner.java:437)
	at org.testng.SuiteRunner.runSequentially(SuiteRunner.java:431)
	at org.testng.SuiteRunner.privateRun(SuiteRunner.java:391)
	at org.testng.SuiteRunner.run(SuiteRunner.java:330)
	at org.testng.SuiteRunnerWorker.runSuite(SuiteRunnerWorker.java:52)
	at org.testng.SuiteRunnerWorker.run(SuiteRunnerWorker.java:95)
	at org.testng.TestNG.runSuitesSequentially(TestNG.java:1256)
	at org.testng.TestNG.runSuitesLocally(TestNG.java:1176)
	at org.testng.TestNG.runSuites(TestNG.java:1099)
	at org.testng.TestNG.run(TestNG.java:1067)
	at org.apache.maven.surefire.testng.TestNGExecutor.run(TestNGExecutor.java:151)
	at org.apache.maven.surefire.testng.TestNGDirectoryTestSuite.executeMulti(TestNGDirectoryTestSuite.java:192)
	at org.apache.maven.surefire.testng.TestNGDirectoryTestSuite.execute(TestNGDirectoryTestSuite.java:93)
	at org.apache.maven.surefire.testng.TestNGProvider.invoke(TestNGProvider.java:155)
	at org.apache.maven.surefire.booter.ForkedBooter.runSuitesInProcess(ForkedBooter.java:456)
	at org.apache.maven.surefire.booter.ForkedBooter.execute(ForkedBooter.java:169)
	at org.apache.maven.surefire.booter.ForkedBooter.run(ForkedBooter.java:595)
	at org.apache.maven.surefire.booter.ForkedBooter.main(ForkedBooter.java:581)
</pre></div></td>
<td>3</td>
<td>testcases.Links_Test@545f80bf</td></tr>
<tr>
<td title='testcases.Slider_Test.verify_dragdrop_successful()'><b>verify_dragdrop_successful</b><br>Test class: testcases.Slider_Test</td>
<td><div><pre>java.lang.AssertionError: did not expect [25] but found [25]
	at actions.Slider.verify_dragdrop_successful(Slider.java:28)
	at testcases.Slider_Test.verify_dragdrop_successful(Slider_Test.java:28)
	at java.base/java.util.ArrayList.forEach(ArrayList.java:1541)
... Removed 37 stack frames</pre></div><a href='#' onClick='toggleBox("stack-trace1479926346", this, "Click to show all stack frames", "Click to hide stack frames")'>Click to show all stack frames</a>
<div class='stack-trace' id='stack-trace1479926346'><pre>java.lang.AssertionError: did not expect [25] but found [25]
	at org.testng.Assert.fail(Assert.java:110)
	at org.testng.Assert.failEquals(Assert.java:1581)
	at org.testng.Assert.assertNotEqualsImpl(Assert.java:156)
	at org.testng.Assert.assertNotEquals(Assert.java:2197)
	at org.testng.Assert.assertNotEquals(Assert.java:2219)
	at actions.Slider.verify_dragdrop_successful(Slider.java:28)
	at testcases.Slider_Test.verify_dragdrop_successful(Slider_Test.java:28)
	at java.base/jdk.internal.reflect.NativeMethodAccessorImpl.invoke0(Native Method)
	at java.base/jdk.internal.reflect.NativeMethodAccessorImpl.invoke(NativeMethodAccessorImpl.java:62)
	at java.base/jdk.internal.reflect.DelegatingMethodAccessorImpl.invoke(DelegatingMethodAccessorImpl.java:43)
	at java.base/java.lang.reflect.Method.invoke(Method.java:566)
	at org.testng.internal.invokers.MethodInvocationHelper.invokeMethod(MethodInvocationHelper.java:139)
	at org.testng.internal.invokers.TestInvoker.invokeMethod(TestInvoker.java:677)
	at org.testng.internal.invokers.TestInvoker.invokeTestMethod(TestInvoker.java:221)
	at org.testng.internal.invokers.MethodRunner.runInSequence(MethodRunner.java:50)
	at org.testng.internal.invokers.TestInvoker$MethodInvocationAgent.invoke(TestInvoker.java:969)
	at org.testng.internal.invokers.TestInvoker.invokeTestMethods(TestInvoker.java:194)
	at org.testng.internal.invokers.TestMethodWorker.invokeTestMethods(TestMethodWorker.java:148)
	at org.testng.internal.invokers.TestMethodWorker.run(TestMethodWorker.java:128)
	at java.base/java.util.ArrayList.forEach(ArrayList.java:1541)
	at org.testng.TestRunner.privateRun(TestRunner.java:829)
	at org.testng.TestRunner.run(TestRunner.java:602)
	at org.testng.SuiteRunner.runTest(SuiteRunner.java:437)
	at org.testng.SuiteRunner.runSequentially(SuiteRunner.java:431)
	at org.testng.SuiteRunner.privateRun(SuiteRunner.java:391)
	at org.testng.SuiteRunner.run(SuiteRunner.java:330)
	at org.testng.SuiteRunnerWorker.runSuite(SuiteRunnerWorker.java:52)
	at org.testng.SuiteRunnerWorker.run(SuiteRunnerWorker.java:95)
	at org.testng.TestNG.runSuitesSequentially(TestNG.java:1256)
	at org.testng.TestNG.runSuitesLocally(TestNG.java:1176)
	at org.testng.TestNG.runSuites(TestNG.java:1099)
	at org.testng.TestNG.run(TestNG.java:1067)
	at org.apache.maven.surefire.testng.TestNGExecutor.run(TestNGExecutor.java:151)
	at org.apache.maven.surefire.testng.TestNGDirectoryTestSuite.executeMulti(TestNGDirectoryTestSuite.java:192)
	at org.apache.maven.surefire.testng.TestNGDirectoryTestSuite.execute(TestNGDirectoryTestSuite.java:93)
	at org.apache.maven.surefire.testng.TestNGProvider.invoke(TestNGProvider.java:155)
	at org.apache.maven.surefire.booter.ForkedBooter.runSuitesInProcess(ForkedBooter.java:456)
	at org.apache.maven.surefire.booter.ForkedBooter.execute(ForkedBooter.java:169)
	at org.apache.maven.surefire.booter.ForkedBooter.run(ForkedBooter.java:595)
	at org.apache.maven.surefire.booter.ForkedBooter.main(ForkedBooter.java:581)
</pre></div></td>
<td>0</td>
<td>testcases.Slider_Test@2899a8db</td></tr>
</table><p>
<table width='100%' border='1' class='invocation-passed'>
<tr><td colspan='4' align='center'><b>PASSED TESTS</b></td></tr>
<tr><td><b>Test method</b></td>
<td><b>Attribute(s)</b></td>
<td width="30%"><b>Exception</b></td>
<td width="10%"><b>Time (seconds)</b></td>
<td><b>Instance</b></td>
</tr>
<tr>
<td title='testcases.BrokenLinks_Test.findBrokenImages()'><b>findBrokenImages</b><br>Test class: testcases.BrokenLinks_Test</td>
<td></td>
<td>0</td>
<td>testcases.BrokenLinks_Test@14c053c6</td></tr>
<tr>
<td title='testcases.Selectable_Test.navigate_to_selectable()'><b>navigate_to_selectable</b><br>Test class: testcases.Selectable_Test</td>
<td></td>
<td>0</td>
<td>testcases.Selectable_Test@6c2f1700</td></tr>
<tr>
<td title='testcases.SelectMenu_Test.value_dropdown()'><b>value_dropdown</b><br>Test class: testcases.SelectMenu_Test</td>
<td></td>
<td>0</td>
<td>testcases.SelectMenu_Test@7726e185</td></tr>
<tr>
<td title='testcases.DynamicProperties_Test.verifyBtnColorChange()'><b>verifyBtnColorChange</b><br>Test class: testcases.DynamicProperties_Test</td>
<td></td>
<td>0</td>
<td>testcases.DynamicProperties_Test@6e0d4a8</td></tr>
<tr>
<td title='testcases.Buttons_Test.navigateToButtons()'><b>navigateToButtons</b><br>Test class: testcases.Buttons_Test</td>
<td></td>
<td>0</td>
<td>testcases.Buttons_Test@405325cf</td></tr>
<tr>
<td title='testcases.NestedFrames_Test.navigate_to_nested_frames()'><b>navigate_to_nested_frames</b><br>Test class: testcases.NestedFrames_Test</td>
<td></td>
<td>0</td>
<td>testcases.NestedFrames_Test@12365c88</td></tr>
<tr>
<td title='testcases.Droppable_Test.prevent_propagation_tab_dragdrop()'><b>prevent_propagation_tab_dragdrop</b><br>Test class: testcases.Droppable_Test</td>
<td></td>
<td>1</td>
<td>testcases.Droppable_Test@6134ac4a</td></tr>
<tr>
<td title='testcases.Slider_Test.navigate_to_slider()'><b>navigate_to_slider</b><br>Test class: testcases.Slider_Test</td>
<td></td>
<td>0</td>
<td>testcases.Slider_Test@2899a8db</td></tr>
<tr>
<td title='testcases.RadioButton_Test.verifyDisabledRadio()'><b>verifyDisabledRadio</b><br>Test class: testcases.RadioButton_Test</td>
<td></td>
<td>0</td>
<td>testcases.RadioButton_Test@632aa1a3</td></tr>
<tr>
<td title='testcases.Accordian_Test.heading2()'><b>heading2</b><br>Test class: testcases.Accordian_Test</td>
<td></td>
<td>0</td>
<td>testcases.Accordian_Test@62df0ff3</td></tr>
<tr>
<td title='testcases.Textbox_Test.click_submit()'><b>click_submit</b><br>Test class: testcases.Textbox_Test</td>
<td></td>
<td>0</td>
<td>testcases.Textbox_Test@25230246</td></tr>
<tr>
<td title='testcases.SelectMenu_Test.select_dropdown()'><b>select_dropdown</b><br>Test class: testcases.SelectMenu_Test</td>
<td></td>
<td>0</td>
<td>testcases.SelectMenu_Test@7726e185</td></tr>
<tr>
<td title='testcases.ProgressBar_Test.track_progress_before_start()'><b>track_progress_before_start</b><br>Test class: testcases.ProgressBar_Test</td>
<td></td>
<td>0</td>
<td>testcases.ProgressBar_Test@74518890</td></tr>
<tr>
<td title='testcases.PracticeForm_Test.navigate_to_practiceform()'><b>navigate_to_practiceform</b><br>Test class: testcases.PracticeForm_Test</td>
<td></td>
<td>0</td>
<td>testcases.PracticeForm_Test@530a8454</td></tr>
<tr>
<td title='testcases.Droppable_Test.navigate_to_droppable()'><b>navigate_to_droppable</b><br>Test class: testcases.Droppable_Test</td>
<td></td>
<td>0</td>
<td>testcases.Droppable_Test@6134ac4a</td></tr>
<tr>
<td title='testcases.UploadDownload_Test.downloadFile()'><b>downloadFile</b><br>Test class: testcases.UploadDownload_Test</td>
<td></td>
<td>0</td>
<td>testcases.UploadDownload_Test@15051a0</td></tr>
<tr>
<td title='testcases.RadioButton_Test.navigate_to_radio_button()'><b>navigate_to_radio_button</b><br>Test class: testcases.RadioButton_Test</td>
<td></td>
<td>1</td>
<td>testcases.RadioButton_Test@632aa1a3</td></tr>
<tr>
<td title='testcases.Checkbox_Test.navigate_to_checkbox()'><b>navigate_to_checkbox</b><br>Test class: testcases.Checkbox_Test</td>
<td></td>
<td>0</td>
<td>testcases.Checkbox_Test@4d666b41</td></tr>
<tr>
<td title='testcases.ToolTips_Test.navigate_to_tooltips()'><b>navigate_to_tooltips</b><br>Test class: testcases.ToolTips_Test</td>
<td></td>
<td>0</td>
<td>testcases.ToolTips_Test@3835c46</td></tr>
<tr>
<td title='testcases.Textbox_Test.enter_data()'><b>enter_data</b><br>Test class: testcases.Textbox_Test<br>Parameters: Email, pallavi.patil@joshsoftware.com</td>
<td></td>
<td>0</td>
<td>testcases.Textbox_Test@25230246</td></tr>
<tr>
<td title='testcases.Buttons_Test.dynamicClick()'><b>dynamicClick</b><br>Test class: testcases.Buttons_Test</td>
<td></td>
<td>0</td>
<td>testcases.Buttons_Test@405325cf</td></tr>
<tr>
<td title='testcases.Webtable_Test.edit_Row1()'><b>edit_Row1</b><br>Test class: testcases.Webtable_Test<br>Parameters: Salary, 11111</td>
<td></td>
<td>0</td>
<td>testcases.Webtable_Test@2392212b</td></tr>
<tr>
<td title='testcases.UploadDownload_Test.uploadFile()'><b>uploadFile</b><br>Test class: testcases.UploadDownload_Test</td>
<td></td>
<td>0</td>
<td>testcases.UploadDownload_Test@15051a0</td></tr>
<tr>
<td title='testcases.Resizable_Test.navigate_to_resizable()'><b>navigate_to_resizable</b><br>Test class: testcases.Resizable_Test</td>
<td></td>
<td>0</td>
<td>testcases.Resizable_Test@76b0ae1b</td></tr>
<tr>
<td title='testcases.Menu_Test.navigate_to_menu()'><b>navigate_to_menu</b><br>Test class: testcases.Menu_Test</td>
<td></td>
<td>0</td>
<td>testcases.Menu_Test@77e2a6e2</td></tr>
<tr>
<td title='testcases.Draggable_Test.curser_style_tab_dragdrop()'><b>curser_style_tab_dragdrop</b><br>Test class: testcases.Draggable_Test</td>
<td></td>
<td>1</td>
<td>testcases.Draggable_Test@73e132e0</td></tr>
<tr>
<td title='testcases.SelectMenu_Test.multi_select()'><b>multi_select</b><br>Test class: testcases.SelectMenu_Test</td>
<td></td>
<td>0</td>
<td>testcases.SelectMenu_Test@7726e185</td></tr>
<tr>
<td title='testcases.Droppable_Test.accept_tab_dragdrop()'><b>accept_tab_dragdrop</b><br>Test class: testcases.Droppable_Test</td>
<td></td>
<td>1</td>
<td>testcases.Droppable_Test@6134ac4a</td></tr>
<tr>
<td title='testcases.Webtable_Test.edit_Row1()'><b>edit_Row1</b><br>Test class: testcases.Webtable_Test<br>Parameters: Last Name, Patil</td>
<td></td>
<td>0</td>
<td>testcases.Webtable_Test@2392212b</td></tr>
<tr>
<td title='testcases.DynamicProperties_Test.buttonColorBefore()'><b>buttonColorBefore</b><br>Test class: testcases.DynamicProperties_Test</td>
<td></td>
<td>0</td>
<td>testcases.DynamicProperties_Test@6e0d4a8</td></tr>
<tr>
<td title='testcases.Windows_Test.new_window()'><b>new_window</b><br>Test class: testcases.Windows_Test</td>
<td></td>
<td>0</td>
<td>testcases.Windows_Test@3b809711</td></tr>
<tr>
<td title='testcases.PracticeForm_Test.enter_form_data()'><b>enter_form_data</b><br>Test class: testcases.PracticeForm_Test</td>
<td></td>
<td>4</td>
<td>testcases.PracticeForm_Test@530a8454</td></tr>
<tr>
<td title='testcases.Resizable_Test.resize_box_contained()'><b>resize_box_contained</b><br>Test class: testcases.Resizable_Test</td>
<td></td>
<td>0</td>
<td>testcases.Resizable_Test@76b0ae1b</td></tr>
<tr>
<td title='testcases.NestedFrames_Test.outer_frame()'><b>outer_frame</b><br>Test class: testcases.NestedFrames_Test</td>
<td></td>
<td>0</td>
<td>testcases.NestedFrames_Test@12365c88</td></tr>
<tr>
<td title='testcases.DynamicProperties_Test.verifyDisabledBtn()'><b>verifyDisabledBtn</b><br>Test class: testcases.DynamicProperties_Test</td>
<td></td>
<td>0</td>
<td>testcases.DynamicProperties_Test@6e0d4a8</td></tr>
<tr>
<td title='testcases.Windows_Test.navigate_to_windows()'><b>navigate_to_windows</b><br>Test class: testcases.Windows_Test</td>
<td></td>
<td>0</td>
<td>testcases.Windows_Test@3b809711</td></tr>
<tr>
<td title='testcases.DynamicProperties_Test.verifyVisibilityOfInvisibleBtn()'><b>verifyVisibilityOfInvisibleBtn</b><br>Test class: testcases.DynamicProperties_Test</td>
<td></td>
<td>0</td>
<td>testcases.DynamicProperties_Test@6e0d4a8</td></tr>
<tr>
<td title='testcases.Webtable_Test.submit_Data()'><b>submit_Data</b><br>Test class: testcases.Webtable_Test</td>
<td></td>
<td>0</td>
<td>testcases.Webtable_Test@2392212b</td></tr>
<tr>
<td title='testcases.Alerts_Test.handle_prompt_alert()'><b>handle_prompt_alert</b><br>Test class: testcases.Alerts_Test</td>
<td></td>
<td>0</td>
<td>testcases.Alerts_Test@26f3d90c</td></tr>
<tr>
<td title='testcases.DynamicProperties_Test.navigateToDynamicProperties()'><b>navigateToDynamicProperties</b><br>Test class: testcases.DynamicProperties_Test</td>
<td></td>
<td>0</td>
<td>testcases.DynamicProperties_Test@6e0d4a8</td></tr>
<tr>
<td title='testcases.Textbox_Test.enter_data()'><b>enter_data</b><br>Test class: testcases.Textbox_Test<br>Parameters: Permanent Address, Miraj</td>
<td></td>
<td>0</td>
<td>testcases.Textbox_Test@25230246</td></tr>
<tr>
<td title='testcases.Webtable_Test.edit_Row1()'><b>edit_Row1</b><br>Test class: testcases.Webtable_Test<br>Parameters: Age, 26</td>
<td></td>
<td>0</td>
<td>testcases.Webtable_Test@2392212b</td></tr>
<tr>
<td title='testcases.Textbox_Test.verify_labels()'><b>verify_labels</b><br>Test class: testcases.Textbox_Test</td>
<td></td>
<td>0</td>
<td>testcases.Textbox_Test@25230246</td></tr>
<tr>
<td title='testcases.NestedFrames_Test.inner_frame()'><b>inner_frame</b><br>Test class: testcases.NestedFrames_Test</td>
<td></td>
<td>0</td>
<td>testcases.NestedFrames_Test@12365c88</td></tr>
<tr>
<td title='testcases.ProgressBar_Test.navigate_to_progressbar()'><b>navigate_to_progressbar</b><br>Test class: testcases.ProgressBar_Test</td>
<td></td>
<td>1</td>
<td>testcases.ProgressBar_Test@74518890</td></tr>
<tr>
<td title='testcases.Datepicker_Test.calender2()'><b>calender2</b><br>Test class: testcases.Datepicker_Test</td>
<td></td>
<td>6</td>
<td>testcases.Datepicker_Test@5bb3d42d</td></tr>
<tr>
<td title='testcases.UploadDownload_Test.navigateToButtons()'><b>navigateToButtons</b><br>Test class: testcases.UploadDownload_Test</td>
<td></td>
<td>0</td>
<td>testcases.UploadDownload_Test@15051a0</td></tr>
<tr>
<td title='testcases.Menu_Test.hover_over_submenu()'><b>hover_over_submenu</b><br>Test class: testcases.Menu_Test</td>
<td></td>
<td>0</td>
<td>testcases.Menu_Test@77e2a6e2</td></tr>
<tr>
<td title='testcases.Textbox_Test.verify_submitted_data()'><b>verify_submitted_data</b><br>Test class: testcases.Textbox_Test</td>
<td></td>
<td>0</td>
<td>testcases.Textbox_Test@25230246</td></tr>
<tr>
<td title='testcases.Modals_Test.large_modal()'><b>large_modal</b><br>Test class: testcases.Modals_Test</td>
<td></td>
<td>0</td>
<td>testcases.Modals_Test@5119fb47</td></tr>
<tr>
<td title='testcases.Accordian_Test.heading3()'><b>heading3</b><br>Test class: testcases.Accordian_Test</td>
<td></td>
<td>0</td>
<td>testcases.Accordian_Test@62df0ff3</td></tr>
<tr>
<td title='testcases.Alerts_Test.handle_delay_alert()'><b>handle_delay_alert</b><br>Test class: testcases.Alerts_Test</td>
<td></td>
<td>5</td>
<td>testcases.Alerts_Test@26f3d90c</td></tr>
<tr>
<td title='testcases.Slider_Test.drag_drop_slider()'><b>drag_drop_slider</b><br>Test class: testcases.Slider_Test</td>
<td></td>
<td>1</td>
<td>testcases.Slider_Test@2899a8db</td></tr>
<tr>
<td title='testcases.Resizable_Test.resize_page_contained()'><b>resize_page_contained</b><br>Test class: testcases.Resizable_Test</td>
<td></td>
<td>0</td>
<td>testcases.Resizable_Test@76b0ae1b</td></tr>
<tr>
<td title='testcases.Webtable_Test.edit_Row1()'><b>edit_Row1</b><br>Test class: testcases.Webtable_Test<br>Parameters: Email, pallavi.patil@joshsoftware.com</td>
<td></td>
<td>0</td>
<td>testcases.Webtable_Test@2392212b</td></tr>
<tr>
<td title='testcases.Webtable_Test.printRow1()'><b>printRow1</b><br>Test class: testcases.Webtable_Test</td>
<td></td>
<td>0</td>
<td>testcases.Webtable_Test@2392212b</td></tr>
<tr>
<td title='testcases.ToolTips_Test.hover_over_button()'><b>hover_over_button</b><br>Test class: testcases.ToolTips_Test</td>
<td></td>
<td>0</td>
<td>testcases.ToolTips_Test@3835c46</td></tr>
<tr>
<td title='testcases.ToolTips_Test.hover_over_textbox()'><b>hover_over_textbox</b><br>Test class: testcases.ToolTips_Test</td>
<td></td>
<td>0</td>
<td>testcases.ToolTips_Test@3835c46</td></tr>
<tr>
<td title='testcases.PracticeForm_Test.verify_labels()'><b>verify_labels</b><br>Test class: testcases.PracticeForm_Test</td>
<td></td>
<td>1</td>
<td>testcases.PracticeForm_Test@530a8454</td></tr>
<tr>
<td title='testcases.Sortable_Test.grid()'><b>grid</b><br>Test class: testcases.Sortable_Test</td>
<td></td>
<td>1</td>
<td>testcases.Sortable_Test@7722c3c3</td></tr>
<tr>
<td title='testcases.ProgressBar_Test.click_on_start()'><b>click_on_start</b><br>Test class: testcases.ProgressBar_Test</td>
<td></td>
<td>0</td>
<td>testcases.ProgressBar_Test@74518890</td></tr>
<tr>
<td title='testcases.Menu_Test.menu1()'><b>menu1</b><br>Test class: testcases.Menu_Test</td>
<td></td>
<td>0</td>
<td>testcases.Menu_Test@77e2a6e2</td></tr>
<tr>
<td title='testcases.Selectable_Test.select_all_list_options()'><b>select_all_list_options</b><br>Test class: testcases.Selectable_Test</td>
<td></td>
<td>1</td>
<td>testcases.Selectable_Test@6c2f1700</td></tr>
<tr>
<td title='testcases.AutoComplete_Test.single_color_textbox()'><b>single_color_textbox</b><br>Test class: testcases.AutoComplete_Test</td>
<td></td>
<td>0</td>
<td>testcases.AutoComplete_Test@29b732a2</td></tr>
<tr>
<td title='testcases.Modals_Test.navigate_to_modal_dialogs()'><b>navigate_to_modal_dialogs</b><br>Test class: testcases.Modals_Test</td>
<td></td>
<td>0</td>
<td>testcases.Modals_Test@5119fb47</td></tr>
<tr>
<td title='testcases.Links_Test.navigateToLinks()'><b>navigateToLinks</b><br>Test class: testcases.Links_Test</td>
<td></td>
<td>0</td>
<td>testcases.Links_Test@545f80bf</td></tr>
<tr>
<td title='testcases.Droppable_Test.revert_draggable_tab_dragdrop()'><b>revert_draggable_tab_dragdrop</b><br>Test class: testcases.Droppable_Test</td>
<td></td>
<td>1</td>
<td>testcases.Droppable_Test@6134ac4a</td></tr>
<tr>
<td title='testcases.SelectMenu_Test.naviagate_to_selectmenu()'><b>naviagate_to_selectmenu</b><br>Test class: testcases.SelectMenu_Test</td>
<td></td>
<td>0</td>
<td>testcases.SelectMenu_Test@7726e185</td></tr>
<tr>
<td title='testcases.Webtable_Test.verify_Edits_to_Row1()'><b>verify_Edits_to_Row1</b><br>Test class: testcases.Webtable_Test</td>
<td></td>
<td>0</td>
<td>testcases.Webtable_Test@2392212b</td></tr>
<tr>
<td title='testcases.Sortable_Test.list()'><b>list</b><br>Test class: testcases.Sortable_Test</td>
<td></td>
<td>0</td>
<td>testcases.Sortable_Test@7722c3c3</td></tr>
<tr>
<td title='testcases.AutoComplete_Test.multi_colors_textbox()'><b>multi_colors_textbox</b><br>Test class: testcases.AutoComplete_Test</td>
<td></td>
<td>0</td>
<td>testcases.AutoComplete_Test@29b732a2</td></tr>
<tr>
<td title='testcases.Checkbox_Test.checkbox()'><b>checkbox</b><br>Test class: testcases.Checkbox_Test</td>
<td></td>
<td>0</td>
<td>testcases.Checkbox_Test@4d666b41</td></tr>
<tr>
<td title='testcases.AutoComplete_Test.navigate_to_autocomplete()'><b>navigate_to_autocomplete</b><br>Test class: testcases.AutoComplete_Test</td>
<td></td>
<td>0</td>
<td>testcases.AutoComplete_Test@29b732a2</td></tr>
<tr>
<td title='testcases.ProgressBar_Test.compare_progress()'><b>compare_progress</b><br>Test class: testcases.ProgressBar_Test</td>
<td></td>
<td>0</td>
<td>testcases.ProgressBar_Test@74518890</td></tr>
<tr>
<td title='testcases.Windows_Test.new_tab()'><b>new_tab</b><br>Test class: testcases.Windows_Test</td>
<td></td>
<td>1</td>
<td>testcases.Windows_Test@3b809711</td></tr>
<tr>
<td title='testcases.Datepicker_Test.navigate_to_datepicker()'><b>navigate_to_datepicker</b><br>Test class: testcases.Datepicker_Test</td>
<td></td>
<td>0</td>
<td>testcases.Datepicker_Test@5bb3d42d</td></tr>
<tr>
<td title='testcases.Tabs_Test.navigate_to_tabs()'><b>navigate_to_tabs</b><br>Test class: testcases.Tabs_Test</td>
<td></td>
<td>0</td>
<td>testcases.Tabs_Test@589b028e</td></tr>
<tr>
<td title='testcases.DynamicProperties_Test.verifyEnabledBtn()'><b>verifyEnabledBtn</b><br>Test class: testcases.DynamicProperties_Test</td>
<td></td>
<td>5</td>
<td>testcases.DynamicProperties_Test@6e0d4a8</td></tr>
<tr>
<td title='testcases.Alerts_Test.handle_confirm_alert()'><b>handle_confirm_alert</b><br>Test class: testcases.Alerts_Test</td>
<td></td>
<td>0</td>
<td>testcases.Alerts_Test@26f3d90c</td></tr>
<tr>
<td title='testcases.Menu_Test.menu3()'><b>menu3</b><br>Test class: testcases.Menu_Test</td>
<td></td>
<td>0</td>
<td>testcases.Menu_Test@77e2a6e2</td></tr>
<tr>
<td title='testcases.Modals_Test.small_modal()'><b>small_modal</b><br>Test class: testcases.Modals_Test</td>
<td></td>
<td>0</td>
<td>testcases.Modals_Test@5119fb47</td></tr>
<tr>
<td title='testcases.Webtable_Test.navigate_to_webtable()'><b>navigate_to_webtable</b><br>Test class: testcases.Webtable_Test</td>
<td></td>
<td>1</td>
<td>testcases.Webtable_Test@2392212b</td></tr>
<tr>
<td title='testcases.SelectMenu_Test.standard_multiselect()'><b>standard_multiselect</b><br>Test class: testcases.SelectMenu_Test</td>
<td></td>
<td>0</td>
<td>testcases.SelectMenu_Test@7726e185</td></tr>
<tr>
<td title='testcases.Selectable_Test.switch_to_grid()'><b>switch_to_grid</b><br>Test class: testcases.Selectable_Test</td>
<td></td>
<td>1</td>
<td>testcases.Selectable_Test@6c2f1700</td></tr>
<tr>
<td title='testcases.SelectMenu_Test.one_dropdown()'><b>one_dropdown</b><br>Test class: testcases.SelectMenu_Test</td>
<td></td>
<td>0</td>
<td>testcases.SelectMenu_Test@7726e185</td></tr>
<tr>
<td title='testcases.Buttons_Test.rightClick()'><b>rightClick</b><br>Test class: testcases.Buttons_Test</td>
<td></td>
<td>0</td>
<td>testcases.Buttons_Test@405325cf</td></tr>
<tr>
<td title='testcases.Accordian_Test.heading1()'><b>heading1</b><br>Test class: testcases.Accordian_Test</td>
<td></td>
<td>0</td>
<td>testcases.Accordian_Test@62df0ff3</td></tr>
<tr>
<td title='testcases.Accordian_Test.navigate_to_accordian()'><b>navigate_to_accordian</b><br>Test class: testcases.Accordian_Test</td>
<td></td>
<td>0</td>
<td>testcases.Accordian_Test@62df0ff3</td></tr>
<tr>
<td title='testcases.BrokenLinks_Test.navigate_to_BrokenLinks()'><b>navigate_to_BrokenLinks</b><br>Test class: testcases.BrokenLinks_Test</td>
<td></td>
<td>0</td>
<td>testcases.BrokenLinks_Test@14c053c6</td></tr>
<tr>
<td title='testcases.Menu_Test.menu2()'><b>menu2</b><br>Test class: testcases.Menu_Test</td>
<td></td>
<td>1</td>
<td>testcases.Menu_Test@77e2a6e2</td></tr>
<tr>
<td title='testcases.Frames_Test.navigate_to_frames()'><b>navigate_to_frames</b><br>Test class: testcases.Frames_Test</td>
<td></td>
<td>0</td>
<td>testcases.Frames_Test@b273a59</td></tr>
<tr>
<td title='testcases.Webtable_Test.edit_Row1()'><b>edit_Row1</b><br>Test class: testcases.Webtable_Test<br>Parameters: First Name, Pallavi</td>
<td></td>
<td>0</td>
<td>testcases.Webtable_Test@2392212b</td></tr>
<tr>
<td title='testcases.Alerts_Test.handle_simple_alert()'><b>handle_simple_alert</b><br>Test class: testcases.Alerts_Test</td>
<td></td>
<td>0</td>
<td>testcases.Alerts_Test@26f3d90c</td></tr>
<tr>
<td title='testcases.Textbox_Test.navigate_to_textbox()'><b>navigate_to_textbox</b><br>Test class: testcases.Textbox_Test</td>
<td></td>
<td>0</td>
<td>testcases.Textbox_Test@25230246</td></tr>
<tr>
<td title='testcases.Draggable_Test.navigate_to_draggable()'><b>navigate_to_draggable</b><br>Test class: testcases.Draggable_Test</td>
<td></td>
<td>0</td>
<td>testcases.Draggable_Test@73e132e0</td></tr>
<tr>
<td title='testcases.Alerts_Test.navigate_to_alerts()'><b>navigate_to_alerts</b><br>Test class: testcases.Alerts_Test</td>
<td></td>
<td>0</td>
<td>testcases.Alerts_Test@26f3d90c</td></tr>
<tr>
<td title='testcases.RadioButton_Test.select_radio_button()'><b>select_radio_button</b><br>Test class: testcases.RadioButton_Test</td>
<td></td>
<td>0</td>
<td>testcases.RadioButton_Test@632aa1a3</td></tr>
<tr>
<td title='testcases.Webtable_Test.edit_Row1()'><b>edit_Row1</b><br>Test class: testcases.Webtable_Test<br>Parameters: Department, QA</td>
<td></td>
<td>0</td>
<td>testcases.Webtable_Test@2392212b</td></tr>
<tr>
<td title='testcases.ProgressBar_Test.click_on_stop()'><b>click_on_stop</b><br>Test class: testcases.ProgressBar_Test</td>
<td></td>
<td>0</td>
<td>testcases.ProgressBar_Test@74518890</td></tr>
<tr>
<td title='testcases.Textbox_Test.enter_data()'><b>enter_data</b><br>Test class: testcases.Textbox_Test<br>Parameters: Name, Pallavi Patil</td>
<td></td>
<td>0</td>
<td>testcases.Textbox_Test@25230246</td></tr>
<tr>
<td title='testcases.BrokenLinks_Test.findBrokenLink()'><b>findBrokenLink</b><br>Test class: testcases.BrokenLinks_Test</td>
<td></td>
<td>1</td>
<td>testcases.BrokenLinks_Test@14c053c6</td></tr>
<tr>
<td title='testcases.Tabs_Test.switch_tabs()'><b>switch_tabs</b><br>Test class: testcases.Tabs_Test</td>
<td></td>
<td>0</td>
<td>testcases.Tabs_Test@589b028e</td></tr>
<tr>
<td title='testcases.Sortable_Test.navigate_to_sortable()'><b>navigate_to_sortable</b><br>Test class: testcases.Sortable_Test</td>
<td></td>
<td>0</td>
<td>testcases.Sortable_Test@7722c3c3</td></tr>
<tr>
<td title='testcases.Textbox_Test.enter_data()'><b>enter_data</b><br>Test class: testcases.Textbox_Test<br>Parameters: Current address, Pune</td>
<td></td>
<td>0</td>
<td>testcases.Textbox_Test@25230246</td></tr>
</table><p>
</body>
</html>