<?xml version="1.0" encoding="UTF-8"?>
<!-- Generated by org.testng.reporters.JUnitXMLReporter -->
<testsuite ignored="4" hostname="josh-Latitude-3410" failures="8" tests="112" name="Surefire test" time="396.481" errors="0" timestamp="2023-02-05T13:51:10 IST">
  <testcase classname="testcases.Sortable_Test" name="navigate_to_sortable" time="0.841"/>
  <testcase classname="testcases.Sortable_Test" name="grid" time="1.028"/>
  <testcase classname="testcases.Sortable_Test" name="list" time="0.406"/>
  <testcase classname="testcases.Modals_Test" name="navigate_to_modal_dialogs" time="0.688"/>
  <testcase classname="testcases.Modals_Test" name="small_modal" time="0.849"/>
  <testcase classname="testcases.Modals_Test" name="large_modal" time="0.378"/>
  <testcase classname="testcases.ToolTips_Test" name="navigate_to_tooltips" time="0.64"/>
  <testcase classname="testcases.ToolTips_Test" name="hover_over_button" time="0.773"/>
  <testcase classname="testcases.ToolTips_Test" name="hover_over_textbox" time="0.237"/>
  <testcase classname="testcases.PracticeForm_Test" name="navigate_to_practiceform" time="0.514"/>
  <testcase classname="testcases.PracticeForm_Test" name="verify_labels" time="1.29"/>
  <testcase classname="testcases.PracticeForm_Test" name="enter_form_data" time="4.808"/>
  <testcase classname="testcases.SelectMenu_Test" name="naviagate_to_selectmenu" time="0.516"/>
  <testcase classname="testcases.SelectMenu_Test" name="select_dropdown" time="0.87"/>
  <testcase classname="testcases.SelectMenu_Test" name="standard_multiselect" time="0.507"/>
  <testcase classname="testcases.SelectMenu_Test" name="multi_select" time="0.609"/>
  <testcase classname="testcases.SelectMenu_Test" name="value_dropdown" time="0.554"/>
  <testcase classname="testcases.SelectMenu_Test" name="one_dropdown" time="0.643"/>
  <testcase classname="testcases.Textbox_Test" name="navigate_to_textbox" time="0.549"/>
  <testcase classname="testcases.Textbox_Test" name="verify_labels" time="0.651"/>
  <testcase classname="testcases.Textbox_Test" name="enter_data" time="0.325"/>
  <testcase classname="testcases.Textbox_Test" name="enter_data" time="0.324"/>
  <testcase classname="testcases.Textbox_Test" name="enter_data" time="0.368"/>
  <testcase classname="testcases.Textbox_Test" name="enter_data" time="0.094"/>
  <testcase classname="testcases.Textbox_Test" name="click_submit" time="0.108"/>
  <testcase classname="testcases.Textbox_Test" name="verify_submitted_data" time="0.203"/>
  <testcase classname="testcases.RadioButton_Test" name="navigate_to_radio_button" time="1.195"/>
  <testcase classname="testcases.RadioButton_Test" name="select_radio_button" time="0.672"/>
  <testcase classname="testcases.RadioButton_Test" name="verifyDisabledRadio" time="0.307"/>
  <testcase classname="testcases.Slider_Test" name="navigate_to_slider" time="0.429"/>
  <testcase classname="testcases.Slider_Test" name="drag_drop_slider" time="1.341"/>
  <testcase classname="testcases.Slider_Test" name="verify_dragdrop_successful" time="0.012">
    <failure type="java.lang.AssertionError" message="did not expect [25] but found [25]">
      <![CDATA[java.lang.AssertionError: did not expect [25] but found [25]
at actions.Slider.verify_dragdrop_successful(Slider.java:28)
at testcases.Slider_Test.verify_dragdrop_successful(Slider_Test.java:28)
at java.base/java.util.ArrayList.forEach(ArrayList.java:1541)
... Removed 37 stack frames]]>
    </failure>
  </testcase> <!-- verify_dragdrop_successful -->
  <testcase classname="testcases.Resizable_Test" name="navigate_to_resizable" time="0.763"/>
  <testcase classname="testcases.Resizable_Test" name="resize_box_contained" time="0.948"/>
  <testcase classname="testcases.Resizable_Test" name="resize_page_contained" time="0.727"/>
  <testcase classname="testcases.NestedFrames_Test" name="navigate_to_nested_frames" time="0.508"/>
  <testcase classname="testcases.NestedFrames_Test" name="outer_frame" time="0.82"/>
  <testcase classname="testcases.NestedFrames_Test" name="inner_frame" time="0.544"/>
  <testcase classname="testcases.Menu_Test" name="navigate_to_menu" time="0.97"/>
  <testcase classname="testcases.Menu_Test" name="menu1" time="0.485"/>
  <testcase classname="testcases.Menu_Test" name="menu3" time="0.216"/>
  <testcase classname="testcases.Menu_Test" name="menu2" time="1.005"/>
  <testcase classname="testcases.Menu_Test" name="hover_over_submenu" time="0.747"/>
  <testcase classname="testcases.DynamicProperties_Test" name="navigateToDynamicProperties" time="0.571"/>
  <testcase classname="testcases.DynamicProperties_Test" name="verifyDisabledBtn" time="0.031"/>
  <testcase classname="testcases.DynamicProperties_Test" name="buttonColorBefore" time="0.039"/>
  <testcase classname="testcases.DynamicProperties_Test" name="verifyEnabledBtn" time="5.318"/>
  <testcase classname="testcases.DynamicProperties_Test" name="verifyBtnColorChange" time="0.042"/>
  <testcase classname="testcases.DynamicProperties_Test" name="verifyVisibilityOfInvisibleBtn" time="0.08"/>
  <testcase classname="testcases.Datepicker_Test" name="navigate_to_datepicker" time="0.382"/>
  <testcase classname="testcases.Datepicker_Test" name="calender1" time="0.141">
    <failure type="org.openqa.selenium.NoSuchElementException" message="no such element: Unable to locate element: {&amp;quot;method&amp;quot;:&amp;quot;xpath&amp;quot;,&amp;quot;selector&amp;quot;:&amp;quot;//*[@id=&amp;apos;datePickerMonthYear&amp;apos;]/div[2]/div[2]/div/div/div[2]/div[1]/div[2]/div[2]/select&amp;quot;}
  (Session info: chrome=109.0.5414.119)
For documentation on this error, please visit: https://selenium.dev/exceptions/#no_such_element
Build info: version: &amp;apos;4.7.2&amp;apos;, revision: &amp;apos;4d4020c3b7&amp;apos;
System info: os.name: &amp;apos;Linux&amp;apos;, os.arch: &amp;apos;amd64&amp;apos;, os.version: &amp;apos;5.14.0-1056-oem&amp;apos;, java.version: &amp;apos;11.0.17&amp;apos;
Driver info: org.openqa.selenium.chrome.ChromeDriver
Command: [be51c252a5a01989ff65fbfa297f18e5, findElement {using=xpath, value=//*[@id=&amp;apos;datePickerMonthYear&amp;apos;]/div[2]/div[2]/div/div/div[2]/div[1]/div[2]/div[2]/select}]
Capabilities {acceptInsecureCerts: false, browserName: chrome, browserVersion: 109.0.5414.119, chrome: {chromedriverVersion: 108.0.5359.71 (1e0e3868ee06..., userDataDir: /tmp/.com.google.Chrome.ruM1hh}, goog:chromeOptions: {debuggerAddress: localhost:33273}, networkConnectionEnabled: false, pageLoadStrategy: normal, platformName: LINUX, proxy: Proxy(), se:cdp: ws://localhost:33273/devtoo..., se:cdpVersion: 109.0.5414.119, setWindowRect: true, strictFileInteractability: false, timeouts: {implicit: 0, pageLoad: 300000, script: 30000}, unhandledPromptBehavior: dismiss and notify, webauthn:extension:credBlob: true, webauthn:extension:largeBlob: true, webauthn:virtualAuthenticators: true}
Session ID: be51c252a5a01989ff65fbfa297f18e5">
      <![CDATA[org.openqa.selenium.NoSuchElementException: no such element: Unable to locate element: {"method":"xpath","selector":"//*[@id='datePickerMonthYear']/div[2]/div[2]/div/div/div[2]/div[1]/div[2]/div[2]/select"}
  (Session info: chrome=109.0.5414.119)
For documentation on this error, please visit: https://selenium.dev/exceptions/#no_such_element
Build info: version: '4.7.2', revision: '4d4020c3b7'
System info: os.name: 'Linux', os.arch: 'amd64', os.version: '5.14.0-1056-oem', java.version: '11.0.17'
Driver info: org.openqa.selenium.chrome.ChromeDriver
Command: [be51c252a5a01989ff65fbfa297f18e5, findElement {using=xpath, value=//*[@id='datePickerMonthYear']/div[2]/div[2]/div/div/div[2]/div[1]/div[2]/div[2]/select}]
Capabilities {acceptInsecureCerts: false, browserName: chrome, browserVersion: 109.0.5414.119, chrome: {chromedriverVersion: 108.0.5359.71 (1e0e3868ee06..., userDataDir: /tmp/.com.google.Chrome.ruM1hh}, goog:chromeOptions: {debuggerAddress: localhost:33273}, networkConnectionEnabled: false, pageLoadStrategy: normal, platformName: LINUX, proxy: Proxy(), se:cdp: ws://localhost:33273/devtoo..., se:cdpVersion: 109.0.5414.119, setWindowRect: true, strictFileInteractability: false, timeouts: {implicit: 0, pageLoad: 300000, script: 30000}, unhandledPromptBehavior: dismiss and notify, webauthn:extension:credBlob: true, webauthn:extension:largeBlob: true, webauthn:virtualAuthenticators: true}
Session ID: be51c252a5a01989ff65fbfa297f18e5
at org.openqa.selenium.remote.codec.w3c.W3CHttpResponseCodec.createException(W3CHttpResponseCodec.java:200)
at org.openqa.selenium.remote.codec.w3c.W3CHttpResponseCodec.decode(W3CHttpResponseCodec.java:133)
at org.openqa.selenium.remote.codec.w3c.W3CHttpResponseCodec.decode(W3CHttpResponseCodec.java:53)
at org.openqa.selenium.remote.HttpCommandExecutor.execute(HttpCommandExecutor.java:184)
at org.openqa.selenium.remote.service.DriverCommandExecutor.invokeExecute(DriverCommandExecutor.java:167)
at org.openqa.selenium.remote.service.DriverCommandExecutor.execute(DriverCommandExecutor.java:142)
at org.openqa.selenium.remote.RemoteWebDriver.execute(RemoteWebDriver.java:535)
at org.openqa.selenium.remote.ElementLocation$ElementFinder$2.findElement(ElementLocation.java:162)
at org.openqa.selenium.remote.ElementLocation.findElement(ElementLocation.java:60)
at org.openqa.selenium.remote.RemoteWebDriver.findElement(RemoteWebDriver.java:351)
at org.openqa.selenium.remote.RemoteWebDriver.findElement(RemoteWebDriver.java:343)
at locators.DatePicker_locators.calender1YearSelect(DatePicker_locators.java:21)
at actions.DatePicker.select_year_calender1(DatePicker.java:22)
at testcases.Datepicker_Test.calender1(Datepicker_Test.java:21)
at java.base/java.util.ArrayList.forEach(ArrayList.java:1541)
... Removed 36 stack frames]]>
    </failure>
  </testcase> <!-- calender1 -->
  <testcase classname="testcases.Datepicker_Test" name="calender2" time="6.7"/>
  <testcase classname="testcases.Frames_Test" name="navigate_to_frames" time="0.454"/>
  <testcase classname="testcases.Frames_Test" name="frame1" time="0.099">
    <failure type="org.openqa.selenium.NoSuchElementException" message="no such element: Unable to locate element: {&amp;quot;method&amp;quot;:&amp;quot;css selector&amp;quot;,&amp;quot;selector&amp;quot;:&amp;quot;#sampleHeading&amp;quot;}
  (Session info: chrome=109.0.5414.119)
For documentation on this error, please visit: https://selenium.dev/exceptions/#no_such_element
Build info: version: &amp;apos;4.7.2&amp;apos;, revision: &amp;apos;4d4020c3b7&amp;apos;
System info: os.name: &amp;apos;Linux&amp;apos;, os.arch: &amp;apos;amd64&amp;apos;, os.version: &amp;apos;5.14.0-1056-oem&amp;apos;, java.version: &amp;apos;11.0.17&amp;apos;
Driver info: org.openqa.selenium.chrome.ChromeDriver
Command: [28be46693addf6fcd8cee817cf22a7d3, findElement {using=id, value=sampleHeading}]
Capabilities {acceptInsecureCerts: false, browserName: chrome, browserVersion: 109.0.5414.119, chrome: {chromedriverVersion: 108.0.5359.71 (1e0e3868ee06..., userDataDir: /tmp/.com.google.Chrome.OWse66}, goog:chromeOptions: {debuggerAddress: localhost:44693}, networkConnectionEnabled: false, pageLoadStrategy: normal, platformName: LINUX, proxy: Proxy(), se:cdp: ws://localhost:44693/devtoo..., se:cdpVersion: 109.0.5414.119, setWindowRect: true, strictFileInteractability: false, timeouts: {implicit: 0, pageLoad: 300000, script: 30000}, unhandledPromptBehavior: dismiss and notify, webauthn:extension:credBlob: true, webauthn:extension:largeBlob: true, webauthn:virtualAuthenticators: true}
Session ID: 28be46693addf6fcd8cee817cf22a7d3">
      <![CDATA[org.openqa.selenium.NoSuchElementException: no such element: Unable to locate element: {"method":"css selector","selector":"#sampleHeading"}
  (Session info: chrome=109.0.5414.119)
For documentation on this error, please visit: https://selenium.dev/exceptions/#no_such_element
Build info: version: '4.7.2', revision: '4d4020c3b7'
System info: os.name: 'Linux', os.arch: 'amd64', os.version: '5.14.0-1056-oem', java.version: '11.0.17'
Driver info: org.openqa.selenium.chrome.ChromeDriver
Command: [28be46693addf6fcd8cee817cf22a7d3, findElement {using=id, value=sampleHeading}]
Capabilities {acceptInsecureCerts: false, browserName: chrome, browserVersion: 109.0.5414.119, chrome: {chromedriverVersion: 108.0.5359.71 (1e0e3868ee06..., userDataDir: /tmp/.com.google.Chrome.OWse66}, goog:chromeOptions: {debuggerAddress: localhost:44693}, networkConnectionEnabled: false, pageLoadStrategy: normal, platformName: LINUX, proxy: Proxy(), se:cdp: ws://localhost:44693/devtoo..., se:cdpVersion: 109.0.5414.119, setWindowRect: true, strictFileInteractability: false, timeouts: {implicit: 0, pageLoad: 300000, script: 30000}, unhandledPromptBehavior: dismiss and notify, webauthn:extension:credBlob: true, webauthn:extension:largeBlob: true, webauthn:virtualAuthenticators: true}
Session ID: 28be46693addf6fcd8cee817cf22a7d3
at org.openqa.selenium.remote.codec.w3c.W3CHttpResponseCodec.createException(W3CHttpResponseCodec.java:200)
at org.openqa.selenium.remote.codec.w3c.W3CHttpResponseCodec.decode(W3CHttpResponseCodec.java:133)
at org.openqa.selenium.remote.codec.w3c.W3CHttpResponseCodec.decode(W3CHttpResponseCodec.java:53)
at org.openqa.selenium.remote.HttpCommandExecutor.execute(HttpCommandExecutor.java:184)
at org.openqa.selenium.remote.service.DriverCommandExecutor.invokeExecute(DriverCommandExecutor.java:167)
at org.openqa.selenium.remote.service.DriverCommandExecutor.execute(DriverCommandExecutor.java:142)
at org.openqa.selenium.remote.RemoteWebDriver.execute(RemoteWebDriver.java:535)
at org.openqa.selenium.remote.ElementLocation$ElementFinder$2.findElement(ElementLocation.java:162)
at org.openqa.selenium.remote.ElementLocation.findElement(ElementLocation.java:60)
at org.openqa.selenium.remote.RemoteWebDriver.findElement(RemoteWebDriver.java:351)
at org.openqa.selenium.remote.RemoteWebDriver.findElement(RemoteWebDriver.java:343)
at locators.Frames_locators.frame1Heading(Frames_locators.java:15)
at actions.Frames.verify_frame1_heading(Frames.java:18)
at testcases.Frames_Test.frame1(Frames_Test.java:21)
at java.base/java.util.ArrayList.forEach(ArrayList.java:1541)
... Removed 36 stack frames]]>
    </failure>
  </testcase> <!-- frame1 -->
  <testcase classname="testcases.Frames_Test" name="frame2" time="0.098">
    <failure type="org.openqa.selenium.NoSuchElementException" message="no such element: Unable to locate element: {&amp;quot;method&amp;quot;:&amp;quot;css selector&amp;quot;,&amp;quot;selector&amp;quot;:&amp;quot;#sampleHeading&amp;quot;}
  (Session info: chrome=109.0.5414.119)
For documentation on this error, please visit: https://selenium.dev/exceptions/#no_such_element
Build info: version: &amp;apos;4.7.2&amp;apos;, revision: &amp;apos;4d4020c3b7&amp;apos;
System info: os.name: &amp;apos;Linux&amp;apos;, os.arch: &amp;apos;amd64&amp;apos;, os.version: &amp;apos;5.14.0-1056-oem&amp;apos;, java.version: &amp;apos;11.0.17&amp;apos;
Driver info: org.openqa.selenium.chrome.ChromeDriver
Command: [28be46693addf6fcd8cee817cf22a7d3, findElement {using=id, value=sampleHeading}]
Capabilities {acceptInsecureCerts: false, browserName: chrome, browserVersion: 109.0.5414.119, chrome: {chromedriverVersion: 108.0.5359.71 (1e0e3868ee06..., userDataDir: /tmp/.com.google.Chrome.OWse66}, goog:chromeOptions: {debuggerAddress: localhost:44693}, networkConnectionEnabled: false, pageLoadStrategy: normal, platformName: LINUX, proxy: Proxy(), se:cdp: ws://localhost:44693/devtoo..., se:cdpVersion: 109.0.5414.119, setWindowRect: true, strictFileInteractability: false, timeouts: {implicit: 0, pageLoad: 300000, script: 30000}, unhandledPromptBehavior: dismiss and notify, webauthn:extension:credBlob: true, webauthn:extension:largeBlob: true, webauthn:virtualAuthenticators: true}
Session ID: 28be46693addf6fcd8cee817cf22a7d3">
      <![CDATA[org.openqa.selenium.NoSuchElementException: no such element: Unable to locate element: {"method":"css selector","selector":"#sampleHeading"}
  (Session info: chrome=109.0.5414.119)
For documentation on this error, please visit: https://selenium.dev/exceptions/#no_such_element
Build info: version: '4.7.2', revision: '4d4020c3b7'
System info: os.name: 'Linux', os.arch: 'amd64', os.version: '5.14.0-1056-oem', java.version: '11.0.17'
Driver info: org.openqa.selenium.chrome.ChromeDriver
Command: [28be46693addf6fcd8cee817cf22a7d3, findElement {using=id, value=sampleHeading}]
Capabilities {acceptInsecureCerts: false, browserName: chrome, browserVersion: 109.0.5414.119, chrome: {chromedriverVersion: 108.0.5359.71 (1e0e3868ee06..., userDataDir: /tmp/.com.google.Chrome.OWse66}, goog:chromeOptions: {debuggerAddress: localhost:44693}, networkConnectionEnabled: false, pageLoadStrategy: normal, platformName: LINUX, proxy: Proxy(), se:cdp: ws://localhost:44693/devtoo..., se:cdpVersion: 109.0.5414.119, setWindowRect: true, strictFileInteractability: false, timeouts: {implicit: 0, pageLoad: 300000, script: 30000}, unhandledPromptBehavior: dismiss and notify, webauthn:extension:credBlob: true, webauthn:extension:largeBlob: true, webauthn:virtualAuthenticators: true}
Session ID: 28be46693addf6fcd8cee817cf22a7d3
at org.openqa.selenium.remote.codec.w3c.W3CHttpResponseCodec.createException(W3CHttpResponseCodec.java:200)
at org.openqa.selenium.remote.codec.w3c.W3CHttpResponseCodec.decode(W3CHttpResponseCodec.java:133)
at org.openqa.selenium.remote.codec.w3c.W3CHttpResponseCodec.decode(W3CHttpResponseCodec.java:53)
at org.openqa.selenium.remote.HttpCommandExecutor.execute(HttpCommandExecutor.java:184)
at org.openqa.selenium.remote.service.DriverCommandExecutor.invokeExecute(DriverCommandExecutor.java:167)
at org.openqa.selenium.remote.service.DriverCommandExecutor.execute(DriverCommandExecutor.java:142)
at org.openqa.selenium.remote.RemoteWebDriver.execute(RemoteWebDriver.java:535)
at org.openqa.selenium.remote.ElementLocation$ElementFinder$2.findElement(ElementLocation.java:162)
at org.openqa.selenium.remote.ElementLocation.findElement(ElementLocation.java:60)
at org.openqa.selenium.remote.RemoteWebDriver.findElement(RemoteWebDriver.java:351)
at org.openqa.selenium.remote.RemoteWebDriver.findElement(RemoteWebDriver.java:343)
at locators.Frames_locators.frame2Heading(Frames_locators.java:23)
at actions.Frames.verify_frame2_heading(Frames.java:28)
at testcases.Frames_Test.frame2(Frames_Test.java:28)
at java.base/java.util.ArrayList.forEach(ArrayList.java:1541)
... Removed 36 stack frames]]>
    </failure>
  </testcase> <!-- frame2 -->
  <testcase classname="testcases.AutoComplete_Test" name="navigate_to_autocomplete" time="0.507"/>
  <testcase classname="testcases.AutoComplete_Test" name="multi_colors_textbox" time="0.991"/>
  <testcase classname="testcases.AutoComplete_Test" name="single_color_textbox" time="0.253"/>
  <testcase classname="testcases.UploadDownload_Test" name="navigateToButtons" time="0.499"/>
  <testcase classname="testcases.UploadDownload_Test" name="uploadFile" time="0.118"/>
  <testcase classname="testcases.UploadDownload_Test" name="downloadFile" time="0.063"/>
  <testcase classname="testcases.Accordian_Test" name="navigate_to_accordian" time="0.545"/>
  <testcase classname="testcases.Accordian_Test" name="heading1" time="0.309"/>
  <testcase classname="testcases.Accordian_Test" name="heading2" time="0.28"/>
  <testcase classname="testcases.Accordian_Test" name="heading3" time="0.231"/>
  <testcase classname="testcases.Alerts_Test" name="navigate_to_alerts" time="0.498"/>
  <testcase classname="testcases.Alerts_Test" name="handle_simple_alert" time="0.096"/>
  <testcase classname="testcases.Alerts_Test" name="handle_delay_alert" time="5.66"/>
  <testcase classname="testcases.Alerts_Test" name="handle_confirm_alert" time="0.281"/>
  <testcase classname="testcases.Alerts_Test" name="handle_prompt_alert" time="0.292"/>
  <testcase classname="testcases.ProgressBar_Test" name="navigate_to_progressbar" time="1.298"/>
  <testcase classname="testcases.ProgressBar_Test" name="track_progress_before_start" time="0.044"/>
  <testcase classname="testcases.ProgressBar_Test" name="click_on_start" time="0.214"/>
  <testcase classname="testcases.ProgressBar_Test" name="click_on_stop" time="0.193"/>
  <testcase classname="testcases.ProgressBar_Test" name="compare_progress" time="0.054"/>
  <testcase classname="testcases.BrokenLinks_Test" name="navigate_to_BrokenLinks" time="0.565"/>
  <testcase classname="testcases.BrokenLinks_Test" name="findBrokenLink" time="1.589"/>
  <testcase classname="testcases.BrokenLinks_Test" name="findBrokenImages" time="0.122"/>
  <testcase classname="testcases.Droppable_Test" name="navigate_to_droppable" time="0.59"/>
  <testcase classname="testcases.Droppable_Test" name="simple_drag_drop" time="0.405">
    <failure type="java.lang.AssertionError" message="expected [Dropped!] but found [Drop here]">
      <![CDATA[java.lang.AssertionError: expected [Dropped!] but found [Drop here]
at utilities.CommonUtilities.verify_texts_equal(CommonUtilities.java:33)
at actions.Droppable.verify_simple_drop_successful(Droppable.java:23)
at testcases.Droppable_Test.simple_drag_drop(Droppable_Test.java:21)
at java.base/java.util.ArrayList.forEach(ArrayList.java:1541)
... Removed 38 stack frames]]>
    </failure>
  </testcase> <!-- simple_drag_drop -->
  <testcase classname="testcases.Droppable_Test" name="accept_tab_dragdrop" time="1.683"/>
  <testcase classname="testcases.Droppable_Test" name="prevent_propagation_tab_dragdrop" time="1.371"/>
  <testcase classname="testcases.Droppable_Test" name="revert_draggable_tab_dragdrop" time="1.286"/>
  <testcase classname="testcases.Draggable_Test" name="navigate_to_draggable" time="0.981"/>
  <testcase classname="testcases.Draggable_Test" name="curser_style_tab_dragdrop" time="1.303"/>
  <testcase classname="testcases.Tabs_Test" name="navigate_to_tabs" time="0.462"/>
  <testcase classname="testcases.Tabs_Test" name="switch_tabs" time="0.801"/>
  <testcase classname="testcases.Windows_Test" name="navigate_to_windows" time="0.822"/>
  <testcase classname="testcases.Windows_Test" name="new_tab" time="1.122"/>
  <testcase classname="testcases.Windows_Test" name="new_window" time="0.615"/>
  <testcase classname="testcases.Windows_Test" name="new_msg_window" time="0.474">
    <failure type="java.lang.AssertionError" message="expected [Knowledge increases by sharing but not by saving. Please share this website with your friends and in your organization.] but found [This is a sample page]">
      <![CDATA[java.lang.AssertionError: expected [Knowledge increases by sharing but not by saving. Please share this website with your friends and in your organization.] but found [This is a sample page]
at utilities.CommonUtilities.verify_texts_equal(CommonUtilities.java:33)
at actions.Windows.verify_msgwindow_heading(Windows.java:36)
at testcases.Windows_Test.new_msg_window(Windows_Test.java:53)
at java.base/java.util.ArrayList.forEach(ArrayList.java:1541)
... Removed 38 stack frames]]>
    </failure>
  </testcase> <!-- new_msg_window -->
  <testcase classname="testcases.Webtable_Test" name="navigate_to_webtable" time="1.103"/>
  <testcase classname="testcases.Webtable_Test" name="printRow1" time="0.83"/>
  <testcase classname="testcases.Webtable_Test" name="edit_Row1" time="0.457"/>
  <testcase classname="testcases.Webtable_Test" name="edit_Row1" time="0.372"/>
  <testcase classname="testcases.Webtable_Test" name="edit_Row1" time="0.619"/>
  <testcase classname="testcases.Webtable_Test" name="edit_Row1" time="0.036"/>
  <testcase classname="testcases.Webtable_Test" name="edit_Row1" time="0.382"/>
  <testcase classname="testcases.Webtable_Test" name="edit_Row1" time="0.513"/>
  <testcase classname="testcases.Webtable_Test" name="submit_Data" time="0.109"/>
  <testcase classname="testcases.Webtable_Test" name="verify_Edits_to_Row1" time="0.122"/>
  <testcase classname="testcases.Links_Test" name="navigateToLinks" time="0.641"/>
  <testcase classname="testcases.Links_Test" name="clickLinks" time="3.321">
    <failure type="org.openqa.selenium.ElementClickInterceptedException" message="element click intercepted: Element &amp;lt;a id=&amp;quot;no-content&amp;quot; href=&amp;quot;javascript:void(0)&amp;quot;&amp;gt;...&amp;lt;/a&amp;gt; is not clickable at point (381, 492). Other element would receive the click: &amp;lt;div&amp;gt;...&amp;lt;/div&amp;gt;
  (Session info: chrome=109.0.5414.119)
Build info: version: &amp;apos;4.7.2&amp;apos;, revision: &amp;apos;4d4020c3b7&amp;apos;
System info: os.name: &amp;apos;Linux&amp;apos;, os.arch: &amp;apos;amd64&amp;apos;, os.version: &amp;apos;5.14.0-1056-oem&amp;apos;, java.version: &amp;apos;11.0.17&amp;apos;
Driver info: org.openqa.selenium.chrome.ChromeDriver
Command: [527da6ba8718ec60433112626bfaa8fb, clickElement {id=bd64f6fa-7608-4e49-ae46-3b6e2dc95f23}]
Capabilities {acceptInsecureCerts: false, browserName: chrome, browserVersion: 109.0.5414.119, chrome: {chromedriverVersion: 108.0.5359.71 (1e0e3868ee06..., userDataDir: /tmp/.com.google.Chrome.mSIFPD}, goog:chromeOptions: {debuggerAddress: localhost:37051}, networkConnectionEnabled: false, pageLoadStrategy: normal, platformName: LINUX, proxy: Proxy(), se:cdp: ws://localhost:37051/devtoo..., se:cdpVersion: 109.0.5414.119, setWindowRect: true, strictFileInteractability: false, timeouts: {implicit: 0, pageLoad: 300000, script: 30000}, unhandledPromptBehavior: dismiss and notify, webauthn:extension:credBlob: true, webauthn:extension:largeBlob: true, webauthn:virtualAuthenticators: true}
Element: [[ChromeDriver: chrome on LINUX (527da6ba8718ec60433112626bfaa8fb)] -&amp;gt; css selector: p&amp;gt;a]
Session ID: 527da6ba8718ec60433112626bfaa8fb">
      <![CDATA[org.openqa.selenium.ElementClickInterceptedException: element click intercepted: Element <a id="no-content" href="javascript:void(0)">...</a> is not clickable at point (381, 492). Other element would receive the click: <div>...</div>
  (Session info: chrome=109.0.5414.119)
Build info: version: '4.7.2', revision: '4d4020c3b7'
System info: os.name: 'Linux', os.arch: 'amd64', os.version: '5.14.0-1056-oem', java.version: '11.0.17'
Driver info: org.openqa.selenium.chrome.ChromeDriver
Command: [527da6ba8718ec60433112626bfaa8fb, clickElement {id=bd64f6fa-7608-4e49-ae46-3b6e2dc95f23}]
Capabilities {acceptInsecureCerts: false, browserName: chrome, browserVersion: 109.0.5414.119, chrome: {chromedriverVersion: 108.0.5359.71 (1e0e3868ee06..., userDataDir: /tmp/.com.google.Chrome.mSIFPD}, goog:chromeOptions: {debuggerAddress: localhost:37051}, networkConnectionEnabled: false, pageLoadStrategy: normal, platformName: LINUX, proxy: Proxy(), se:cdp: ws://localhost:37051/devtoo..., se:cdpVersion: 109.0.5414.119, setWindowRect: true, strictFileInteractability: false, timeouts: {implicit: 0, pageLoad: 300000, script: 30000}, unhandledPromptBehavior: dismiss and notify, webauthn:extension:credBlob: true, webauthn:extension:largeBlob: true, webauthn:virtualAuthenticators: true}
Element: [[ChromeDriver: chrome on LINUX (527da6ba8718ec60433112626bfaa8fb)] -> css selector: p>a]
Session ID: 527da6ba8718ec60433112626bfaa8fb
at org.openqa.selenium.remote.codec.w3c.W3CHttpResponseCodec.createException(W3CHttpResponseCodec.java:200)
at org.openqa.selenium.remote.codec.w3c.W3CHttpResponseCodec.decode(W3CHttpResponseCodec.java:133)
at org.openqa.selenium.remote.codec.w3c.W3CHttpResponseCodec.decode(W3CHttpResponseCodec.java:53)
at org.openqa.selenium.remote.HttpCommandExecutor.execute(HttpCommandExecutor.java:184)
at org.openqa.selenium.remote.service.DriverCommandExecutor.invokeExecute(DriverCommandExecutor.java:167)
at org.openqa.selenium.remote.service.DriverCommandExecutor.execute(DriverCommandExecutor.java:142)
at org.openqa.selenium.remote.RemoteWebDriver.execute(RemoteWebDriver.java:535)
at org.openqa.selenium.remote.RemoteWebElement.execute(RemoteWebElement.java:257)
at org.openqa.selenium.remote.RemoteWebElement.click(RemoteWebElement.java:78)
at actions.Links.click_Links(Links.java:15)
at testcases.Links_Test.clickLinks(Links_Test.java:20)
at java.base/java.util.ArrayList.forEach(ArrayList.java:1541)
... Removed 36 stack frames]]>
    </failure>
  </testcase> <!-- clickLinks -->
  <testcase classname="testcases.Checkbox_Test" name="navigate_to_checkbox" time="0.388"/>
  <testcase classname="testcases.Checkbox_Test" name="checkbox" time="0.233"/>
  <testcase classname="testcases.Buttons_Test" name="navigateToButtons" time="0.486"/>
  <testcase classname="testcases.Buttons_Test" name="doubleClick" time="0.384">
    <failure type="org.openqa.selenium.NoSuchElementException" message="no such element: Unable to locate element: {&amp;quot;method&amp;quot;:&amp;quot;css selector&amp;quot;,&amp;quot;selector&amp;quot;:&amp;quot;#doubleClickMessage&amp;quot;}
  (Session info: chrome=109.0.5414.119)
For documentation on this error, please visit: https://selenium.dev/exceptions/#no_such_element
Build info: version: &amp;apos;4.7.2&amp;apos;, revision: &amp;apos;4d4020c3b7&amp;apos;
System info: os.name: &amp;apos;Linux&amp;apos;, os.arch: &amp;apos;amd64&amp;apos;, os.version: &amp;apos;5.14.0-1056-oem&amp;apos;, java.version: &amp;apos;11.0.17&amp;apos;
Driver info: org.openqa.selenium.chrome.ChromeDriver
Command: [3d4bcb2bc572b46c22cf3fa467e79e54, findElement {using=id, value=doubleClickMessage}]
Capabilities {acceptInsecureCerts: false, browserName: chrome, browserVersion: 109.0.5414.119, chrome: {chromedriverVersion: 108.0.5359.71 (1e0e3868ee06..., userDataDir: /tmp/.com.google.Chrome.icEi2G}, goog:chromeOptions: {debuggerAddress: localhost:44325}, networkConnectionEnabled: false, pageLoadStrategy: normal, platformName: LINUX, proxy: Proxy(), se:cdp: ws://localhost:44325/devtoo..., se:cdpVersion: 109.0.5414.119, setWindowRect: true, strictFileInteractability: false, timeouts: {implicit: 0, pageLoad: 300000, script: 30000}, unhandledPromptBehavior: dismiss and notify, webauthn:extension:credBlob: true, webauthn:extension:largeBlob: true, webauthn:virtualAuthenticators: true}
Session ID: 3d4bcb2bc572b46c22cf3fa467e79e54">
      <![CDATA[org.openqa.selenium.NoSuchElementException: no such element: Unable to locate element: {"method":"css selector","selector":"#doubleClickMessage"}
  (Session info: chrome=109.0.5414.119)
For documentation on this error, please visit: https://selenium.dev/exceptions/#no_such_element
Build info: version: '4.7.2', revision: '4d4020c3b7'
System info: os.name: 'Linux', os.arch: 'amd64', os.version: '5.14.0-1056-oem', java.version: '11.0.17'
Driver info: org.openqa.selenium.chrome.ChromeDriver
Command: [3d4bcb2bc572b46c22cf3fa467e79e54, findElement {using=id, value=doubleClickMessage}]
Capabilities {acceptInsecureCerts: false, browserName: chrome, browserVersion: 109.0.5414.119, chrome: {chromedriverVersion: 108.0.5359.71 (1e0e3868ee06..., userDataDir: /tmp/.com.google.Chrome.icEi2G}, goog:chromeOptions: {debuggerAddress: localhost:44325}, networkConnectionEnabled: false, pageLoadStrategy: normal, platformName: LINUX, proxy: Proxy(), se:cdp: ws://localhost:44325/devtoo..., se:cdpVersion: 109.0.5414.119, setWindowRect: true, strictFileInteractability: false, timeouts: {implicit: 0, pageLoad: 300000, script: 30000}, unhandledPromptBehavior: dismiss and notify, webauthn:extension:credBlob: true, webauthn:extension:largeBlob: true, webauthn:virtualAuthenticators: true}
Session ID: 3d4bcb2bc572b46c22cf3fa467e79e54
at org.openqa.selenium.remote.codec.w3c.W3CHttpResponseCodec.createException(W3CHttpResponseCodec.java:200)
at org.openqa.selenium.remote.codec.w3c.W3CHttpResponseCodec.decode(W3CHttpResponseCodec.java:133)
at org.openqa.selenium.remote.codec.w3c.W3CHttpResponseCodec.decode(W3CHttpResponseCodec.java:53)
at org.openqa.selenium.remote.HttpCommandExecutor.execute(HttpCommandExecutor.java:184)
at org.openqa.selenium.remote.service.DriverCommandExecutor.invokeExecute(DriverCommandExecutor.java:167)
at org.openqa.selenium.remote.service.DriverCommandExecutor.execute(DriverCommandExecutor.java:142)
at org.openqa.selenium.remote.RemoteWebDriver.execute(RemoteWebDriver.java:535)
at org.openqa.selenium.remote.ElementLocation$ElementFinder$2.findElement(ElementLocation.java:162)
at org.openqa.selenium.remote.ElementLocation.findElement(ElementLocation.java:60)
at org.openqa.selenium.remote.RemoteWebDriver.findElement(RemoteWebDriver.java:351)
at org.openqa.selenium.remote.RemoteWebDriver.findElement(RemoteWebDriver.java:343)
at locators.Buttons_locators.doubleClickMsg(Buttons_locators.java:23)
at actions.Buttons.verify_Double_Click(Buttons.java:26)
at testcases.Buttons_Test.doubleClick(Buttons_Test.java:22)
at java.base/java.util.ArrayList.forEach(ArrayList.java:1541)
... Removed 36 stack frames]]>
    </failure>
  </testcase> <!-- doubleClick -->
  <testcase classname="testcases.Buttons_Test" name="rightClick" time="0.527"/>
  <testcase classname="testcases.Buttons_Test" name="dynamicClick" time="0.44"/>
  <testcase classname="testcases.Selectable_Test" name="navigate_to_selectable" time="0.602"/>
  <testcase classname="testcases.Selectable_Test" name="select_all_list_options" time="1.149"/>
  <testcase classname="testcases.Selectable_Test" name="switch_to_grid" time="1.323"/>
  <testcase classname="testcases.Webtable_Test" name="edit_Row1" time="0.0">
    <ignored/>
  </testcase> <!-- edit_Row1 -->
  <testcase classname="testcases.Draggable_Test" name="container_tab_dragdrop" time="0.0">
    <ignored/>
  </testcase> <!-- container_tab_dragdrop -->
  <testcase classname="testcases.Draggable_Test" name="simple_drag" time="0.0">
    <ignored/>
  </testcase> <!-- simple_drag -->
  <testcase classname="testcases.Draggable_Test" name="axis_tab_dragdrop" time="0.0">
    <ignored/>
  </testcase> <!-- axis_tab_dragdrop -->
</testsuite> <!-- Surefire test -->
