<?xml version="1.0" encoding="UTF-8"?>
<!-- Generated by org.testng.reporters.JUnitXMLReporter -->
<testsuite ignored="0" hostname="josh-Latitude-3410" failures="1" tests="7" name="FormsTest" time="18.494" errors="0" timestamp="2023-01-12T14:49:16 IST">
  <testcase classname="com.toolsQA.testCases.FormsPageTest" name="testBoxTest" time="0.397"/>
  <testcase classname="com.toolsQA.testCases.FormsPageTest" name="radioButtons" time="0.351"/>
  <testcase classname="com.toolsQA.testCases.FormsPageTest" name="calender" time="0.526"/>
  <testcase classname="com.toolsQA.testCases.FormsPageTest" name="checkboxes" time="0.247"/>
  <testcase classname="com.toolsQA.testCases.FormsPageTest" name="uploadPhoto" time="0.039"/>
  <testcase classname="com.toolsQA.testCases.FormsPageTest" name="address" time="0.055"/>
  <testcase classname="com.toolsQA.testCases.FormsPageTest" name="subject" time="0.085">
    <failure type="org.openqa.selenium.ElementNotInteractableException" message="element not interactable
  (Session info: chrome=108.0.5359.124)
Build info: version: &amp;apos;4.7.2&amp;apos;, revision: &amp;apos;4d4020c3b7&amp;apos;
System info: os.name: &amp;apos;Linux&amp;apos;, os.arch: &amp;apos;amd64&amp;apos;, os.version: &amp;apos;5.14.0-1055-oem&amp;apos;, java.version: &amp;apos;17.0.5&amp;apos;
Driver info: org.openqa.selenium.chrome.ChromeDriver
Command: [8d097e1bb9da7ef73048f5c0be3fc0b1, sendKeysToElement {id=c6e90c1b-42bb-46c2-ac3c-74906b0810d7, value=[Ljava.lang.CharSequence;@32646ecf}]
Capabilities {acceptInsecureCerts: false, browserName: chrome, browserVersion: 108.0.5359.124, chrome: {chromedriverVersion: 108.0.5359.71 (1e0e3868ee06..., userDataDir: /tmp/.com.google.Chrome.6lCBqw}, goog:chromeOptions: {debuggerAddress: localhost:44747}, networkConnectionEnabled: false, pageLoadStrategy: normal, platformName: LINUX, proxy: Proxy(), se:cdp: ws://localhost:44747/devtoo..., se:cdpVersion: 108.0.5359.124, setWindowRect: true, strictFileInteractability: false, timeouts: {implicit: 0, pageLoad: 300000, script: 30000}, unhandledPromptBehavior: dismiss and notify, webauthn:extension:credBlob: true, webauthn:extension:largeBlob: true, webauthn:virtualAuthenticators: true}
Element: [[ChromeDriver: chrome on LINUX (8d097e1bb9da7ef73048f5c0be3fc0b1)] -&amp;gt; xpath: //*[@id=&amp;quot;subjectsContainer&amp;quot;]/div/div[1]]
Session ID: 8d097e1bb9da7ef73048f5c0be3fc0b1">
      <![CDATA[org.openqa.selenium.ElementNotInteractableException: element not interactable
  (Session info: chrome=108.0.5359.124)
Build info: version: '4.7.2', revision: '4d4020c3b7'
System info: os.name: 'Linux', os.arch: 'amd64', os.version: '5.14.0-1055-oem', java.version: '17.0.5'
Driver info: org.openqa.selenium.chrome.ChromeDriver
Command: [8d097e1bb9da7ef73048f5c0be3fc0b1, sendKeysToElement {id=c6e90c1b-42bb-46c2-ac3c-74906b0810d7, value=[Ljava.lang.CharSequence;@32646ecf}]
Capabilities {acceptInsecureCerts: false, browserName: chrome, browserVersion: 108.0.5359.124, chrome: {chromedriverVersion: 108.0.5359.71 (1e0e3868ee06..., userDataDir: /tmp/.com.google.Chrome.6lCBqw}, goog:chromeOptions: {debuggerAddress: localhost:44747}, networkConnectionEnabled: false, pageLoadStrategy: normal, platformName: LINUX, proxy: Proxy(), se:cdp: ws://localhost:44747/devtoo..., se:cdpVersion: 108.0.5359.124, setWindowRect: true, strictFileInteractability: false, timeouts: {implicit: 0, pageLoad: 300000, script: 30000}, unhandledPromptBehavior: dismiss and notify, webauthn:extension:credBlob: true, webauthn:extension:largeBlob: true, webauthn:virtualAuthenticators: true}
Element: [[ChromeDriver: chrome on LINUX (8d097e1bb9da7ef73048f5c0be3fc0b1)] -> xpath: //*[@id="subjectsContainer"]/div/div[1]]
Session ID: 8d097e1bb9da7ef73048f5c0be3fc0b1
at org.openqa.selenium.remote.codec.w3c.W3CHttpResponseCodec.createException(W3CHttpResponseCodec.java:200)
at org.openqa.selenium.remote.codec.w3c.W3CHttpResponseCodec.decode(W3CHttpResponseCodec.java:133)
at org.openqa.selenium.remote.codec.w3c.W3CHttpResponseCodec.decode(W3CHttpResponseCodec.java:53)
at org.openqa.selenium.remote.HttpCommandExecutor.execute(HttpCommandExecutor.java:184)
at org.openqa.selenium.remote.service.DriverCommandExecutor.invokeExecute(DriverCommandExecutor.java:167)
at org.openqa.selenium.remote.service.DriverCommandExecutor.execute(DriverCommandExecutor.java:142)
at org.openqa.selenium.remote.RemoteWebDriver.execute(RemoteWebDriver.java:535)
at org.openqa.selenium.remote.RemoteWebElement.execute(RemoteWebElement.java:257)
at org.openqa.selenium.remote.RemoteWebElement.sendKeys(RemoteWebElement.java:113)
at org.openqa.selenium.support.pagefactory.internal.LocatingElementHandler.invoke(LocatingElementHandler.java:52)
at jdk.proxy2/jdk.proxy2.$Proxy13.sendKeys(Unknown Source)
at com.toolsQA.testCases.FormsPageTest.subject(FormsPageTest.java:109)
at java.base/java.util.ArrayList.forEach(ArrayList.java:1511)
... Removed 35 stack frames]]>
    </failure>
  </testcase> <!-- subject -->
</testsuite> <!-- FormsTest -->
