<?xml version="1.0" encoding="UTF-8"?>
<!-- Generated by org.testng.reporters.JUnitXMLReporter -->
<testsuite ignored="0" hostname="josh-Latitude-3410" failures="1" tests="5" name="InteractionTest" time="22.422" errors="0" timestamp="2023-01-12T14:48:57 IST">
  <testcase classname="com.toolsQA.testCases.InteractionsTest" name="sortableTest" time="0.17">
    <failure type="java.lang.AssertionError" message="expected [true] but found [false]">
      <![CDATA[java.lang.AssertionError: expected [true] but found [false]
at com.toolsQA.testCases.InteractionsTest.sortableTest(InteractionsTest.java:52)
at java.base/java.util.ArrayList.forEach(ArrayList.java:1511)
... Removed 31 stack frames]]>
    </failure>
  </testcase> <!-- sortableTest -->
  <testcase classname="com.toolsQA.testCases.InteractionsTest" name="selectableTest" time="0.622"/>
  <testcase classname="com.toolsQA.testCases.InteractionsTest" name="resizableTest" time="1.221"/>
  <testcase classname="com.toolsQA.testCases.InteractionsTest" name="droppableTest" time="0.635"/>
  <testcase classname="com.toolsQA.testCases.InteractionsTest" name="draggableTest" time="2.516"/>
</testsuite> <!-- InteractionTest -->
