<?xml version="1.0" encoding="UTF-8"?>
<!-- Generated by org.testng.reporters.JUnitReportReporter -->
<testsuite hostname="josh-Latitude-3410" failures="0" tests="13" name="testcases.Test_Windows" time="4.802" errors="1" timestamp="2023-01-17T12:15:08 IST" skipped="8">
  <testcase classname="testcases.Test_Windows" name="navigate_to_windows" time="0.200"/>
  <system-out/>
  <testcase classname="testcases.Test_Windows" name="open_new_msg_window" time="0.070"/>
  <system-out/>
  <testcase classname="testcases.Test_Windows" name="switch_to_new_msg_window" time="0.015"/>
  <system-out/>
  <testcase classname="testcases.Test_Windows" name="verify_msgwindow_text" time="4.509">
    <error message="Unable to find element with locator By.xpath: html/body/text()
For documentation on this error, please visit: https://selenium.dev/exceptions/#no_such_element
Build info: version: &#039;4.7.2&#039;, revision: &#039;4d4020c3b7&#039;
System info: os.name: &#039;Linux&#039;, os.arch: &#039;amd64&#039;, os.version: &#039;5.14.0-1055-oem&#039;, java.version: &#039;17.0.5&#039;
Driver info: driver.version: RemoteWebDriver" type="org.openqa.selenium.NoSuchElementException">
      <![CDATA[org.openqa.selenium.NoSuchElementException: Unable to find element with locator By.xpath: html/body/text()
For documentation on this error, please visit: https://selenium.dev/exceptions/#no_such_element
Build info: version: '4.7.2', revision: '4d4020c3b7'
System info: os.name: 'Linux', os.arch: 'amd64', os.version: '5.14.0-1055-oem', java.version: '17.0.5'
Driver info: driver.version: RemoteWebDriver
at org.openqa.selenium.remote.ElementLocation$ElementFinder$2.findElement(ElementLocation.java:165)
at org.openqa.selenium.remote.ElementLocation.findElement(ElementLocation.java:60)
at org.openqa.selenium.remote.RemoteWebDriver.findElement(RemoteWebDriver.java:351)
at org.openqa.selenium.remote.RemoteWebDriver.findElement(RemoteWebDriver.java:343)
at locators.Windows_locators.msgWindowHeading(Windows_locators.java:31)
at actions.Windows.verify_msgwindow_heading(Windows.java:31)
at testcases.Test_Windows.verify_msgwindow_text(Test_Windows.java:70)
at java.base/jdk.internal.reflect.NativeMethodAccessorImpl.invoke0(Native Method)
at java.base/jdk.internal.reflect.NativeMethodAccessorImpl.invoke(NativeMethodAccessorImpl.java:77)
at java.base/jdk.internal.reflect.DelegatingMethodAccessorImpl.invoke(DelegatingMethodAccessorImpl.java:43)
at java.base/java.lang.reflect.Method.invoke(Method.java:568)
at org.testng.internal.MethodInvocationHelper.invokeMethod(MethodInvocationHelper.java:133)
at org.testng.internal.TestInvoker.invokeMethod(TestInvoker.java:598)
at org.testng.internal.TestInvoker.invokeTestMethod(TestInvoker.java:173)
at org.testng.internal.MethodRunner.runInSequence(MethodRunner.java:46)
at org.testng.internal.TestInvoker$MethodInvocationAgent.invoke(TestInvoker.java:824)
at org.testng.internal.TestInvoker.invokeTestMethods(TestInvoker.java:146)
at org.testng.internal.TestMethodWorker.invokeTestMethods(TestMethodWorker.java:146)
at org.testng.internal.TestMethodWorker.run(TestMethodWorker.java:128)
at java.base/java.util.ArrayList.forEach(ArrayList.java:1511)
at org.testng.TestRunner.privateRun(TestRunner.java:794)
at org.testng.TestRunner.run(TestRunner.java:596)
at org.testng.SuiteRunner.runTest(SuiteRunner.java:377)
at org.testng.SuiteRunner.runSequentially(SuiteRunner.java:371)
at org.testng.SuiteRunner.privateRun(SuiteRunner.java:332)
at org.testng.SuiteRunner.run(SuiteRunner.java:276)
at org.testng.SuiteRunnerWorker.runSuite(SuiteRunnerWorker.java:53)
at org.testng.SuiteRunnerWorker.run(SuiteRunnerWorker.java:96)
at org.testng.TestNG.runSuitesSequentially(TestNG.java:1212)
at org.testng.TestNG.runSuitesLocally(TestNG.java:1134)
at org.testng.TestNG.runSuites(TestNG.java:1063)
at org.testng.TestNG.run(TestNG.java:1031)
at org.testng.remote.AbstractRemoteTestNG.run(AbstractRemoteTestNG.java:115)
at org.testng.remote.RemoteTestNG.initAndRun(RemoteTestNG.java:251)
at org.testng.remote.RemoteTestNG.main(RemoteTestNG.java:77)
]]>
    </error>
  </testcase> <!-- verify_msgwindow_text -->
  <system-out/>
  <testcase classname="testcases.Test_Windows" name="switch_to_original_window" time="0.008"/>
  <system-out/>
  <testcase classname="testcases.Test_Windows" name="verify_newtab_heading">
    <skipped/>
  </testcase> <!-- verify_newtab_heading -->
  <system-out/>
  <testcase classname="testcases.Test_Windows" name="open_new_window">
    <skipped/>
  </testcase> <!-- open_new_window -->
  <system-out/>
  <testcase classname="testcases.Test_Windows" name="switch_to_parent_window">
    <skipped/>
  </testcase> <!-- switch_to_parent_window -->
  <system-out/>
  <testcase classname="testcases.Test_Windows" name="switch_to_new_window">
    <skipped/>
  </testcase> <!-- switch_to_new_window -->
  <system-out/>
  <testcase classname="testcases.Test_Windows" name="open_new_tab">
    <skipped/>
  </testcase> <!-- open_new_tab -->
  <system-out/>
  <testcase classname="testcases.Test_Windows" name="switch_to_original_tab">
    <skipped/>
  </testcase> <!-- switch_to_original_tab -->
  <system-out/>
  <testcase classname="testcases.Test_Windows" name="verify_newwindow_heading">
    <skipped/>
  </testcase> <!-- verify_newwindow_heading -->
  <system-out/>
  <testcase classname="testcases.Test_Windows" name="switch_to_new_tab">
    <skipped/>
  </testcase> <!-- switch_to_new_tab -->
  <system-out/>
</testsuite> <!-- testcases.Test_Windows -->
