<?xml version="1.0" encoding="UTF-8"?>
<!-- Generated by org.testng.reporters.JUnitXMLReporter -->
<testsuite ignored="0" hostname="josh-Latitude-3410" failures="3" tests="46" name="DemoQA" time="136.334" errors="0" timestamp="2023-01-24T11:49:31 IST">
  <testcase classname="testcases.Textbox_Test" name="navigate_to_textbox" time="0.221"/>
  <testcase classname="testcases.Textbox_Test" name="verify_Full_Name_Label" time="0.031"/>
  <testcase classname="testcases.Textbox_Test" name="verify_Email_Label" time="0.027"/>
  <testcase classname="testcases.Textbox_Test" name="verify_CurrentAddress_Label" time="0.028"/>
  <testcase classname="testcases.Textbox_Test" name="verify_PermanentAddress_Label" time="0.029"/>
  <testcase classname="testcases.Textbox_Test" name="enter_FullName" time="0.075"/>
  <testcase classname="testcases.Textbox_Test" name="enter_Email" time="0.081"/>
  <testcase classname="testcases.Textbox_Test" name="enter_CurrentAddress" time="0.111"/>
  <testcase classname="testcases.Textbox_Test" name="enter_PermanentAddress" time="0.088"/>
  <testcase classname="testcases.Textbox_Test" name="click_submit" time="0.09"/>
  <testcase classname="testcases.Textbox_Test" name="verify_Submitted_Full_Name" time="0.066"/>
  <testcase classname="testcases.Textbox_Test" name="verify_Submitted_Email" time="0.026"/>
  <testcase classname="testcases.Textbox_Test" name="verify_Submitted_Current_Address" time="0.021"/>
  <testcase classname="testcases.Textbox_Test" name="verify_Submitted_Permanent_Address" time="0.031"/>
  <testcase classname="testcases.Checkbox_Test" name="navigate_to_checkbox" time="0.181"/>
  <testcase classname="testcases.Checkbox_Test" name="click_checkbox" time="0.067"/>
  <testcase classname="testcases.Checkbox_Test" name="verifySelectedCheckBox" time="0.024"/>
  <testcase classname="testcases.RadioButton_Test" name="clickRadioButton" time="0.26"/>
  <testcase classname="testcases.RadioButton_Test" name="verifyResult" time="0.025"/>
  <testcase classname="testcases.RadioButton_Test" name="verifyDisabledRadio" time="0.048">
    <failure type="java.lang.AssertionError" message="expected [true] but found [false]">
      <![CDATA[java.lang.AssertionError: expected [true] but found [false]
at base.Base.isTrue(Base.java:89)
at actions.RadioButton.verify_Disabled_Radio(RadioButton.java:33)
at testcases.RadioButton_Test.verifyDisabledRadio(RadioButton_Test.java:24)
at java.base/java.util.ArrayList.forEach(ArrayList.java:1511)
... Removed 31 stack frames]]>
    </failure>
  </testcase> <!-- verifyDisabledRadio -->
  <testcase classname="testcases.Webtable_Test" name="printRow1" time="0.357"/>
  <testcase classname="testcases.Webtable_Test" name="editRow1" time="0.08">
    <failure type="org.openqa.selenium.NoSuchElementException" message="no such element: Unable to locate element: {&amp;quot;method&amp;quot;:&amp;quot;css selector&amp;quot;,&amp;quot;selector&amp;quot;:&amp;quot;#firstName&amp;quot;}
  (Session info: chrome=108.0.5359.124)
For documentation on this error, please visit: https://selenium.dev/exceptions/#no_such_element
Build info: version: &amp;apos;4.7.2&amp;apos;, revision: &amp;apos;4d4020c3b7&amp;apos;
System info: os.name: &amp;apos;Linux&amp;apos;, os.arch: &amp;apos;amd64&amp;apos;, os.version: &amp;apos;5.14.0-1056-oem&amp;apos;, java.version: &amp;apos;17.0.5&amp;apos;
Driver info: org.openqa.selenium.chrome.ChromeDriver
Command: [1cc8205bb76381a38e4b7bce6320f627, findElement {using=id, value=firstName}]
Capabilities {acceptInsecureCerts: false, browserName: chrome, browserVersion: 108.0.5359.124, chrome: {chromedriverVersion: 108.0.5359.71 (1e0e3868ee06..., userDataDir: /tmp/.com.google.Chrome.go8b5V}, goog:chromeOptions: {debuggerAddress: localhost:33549}, networkConnectionEnabled: false, pageLoadStrategy: normal, platformName: LINUX, proxy: Proxy(), se:cdp: ws://localhost:33549/devtoo..., se:cdpVersion: 108.0.5359.124, setWindowRect: true, strictFileInteractability: false, timeouts: {implicit: 0, pageLoad: 300000, script: 30000}, unhandledPromptBehavior: dismiss and notify, webauthn:extension:credBlob: true, webauthn:extension:largeBlob: true, webauthn:virtualAuthenticators: true}
Session ID: 1cc8205bb76381a38e4b7bce6320f627">
      <![CDATA[org.openqa.selenium.NoSuchElementException: no such element: Unable to locate element: {"method":"css selector","selector":"#firstName"}
  (Session info: chrome=108.0.5359.124)
For documentation on this error, please visit: https://selenium.dev/exceptions/#no_such_element
Build info: version: '4.7.2', revision: '4d4020c3b7'
System info: os.name: 'Linux', os.arch: 'amd64', os.version: '5.14.0-1056-oem', java.version: '17.0.5'
Driver info: org.openqa.selenium.chrome.ChromeDriver
Command: [1cc8205bb76381a38e4b7bce6320f627, findElement {using=id, value=firstName}]
Capabilities {acceptInsecureCerts: false, browserName: chrome, browserVersion: 108.0.5359.124, chrome: {chromedriverVersion: 108.0.5359.71 (1e0e3868ee06..., userDataDir: /tmp/.com.google.Chrome.go8b5V}, goog:chromeOptions: {debuggerAddress: localhost:33549}, networkConnectionEnabled: false, pageLoadStrategy: normal, platformName: LINUX, proxy: Proxy(), se:cdp: ws://localhost:33549/devtoo..., se:cdpVersion: 108.0.5359.124, setWindowRect: true, strictFileInteractability: false, timeouts: {implicit: 0, pageLoad: 300000, script: 30000}, unhandledPromptBehavior: dismiss and notify, webauthn:extension:credBlob: true, webauthn:extension:largeBlob: true, webauthn:virtualAuthenticators: true}
Session ID: 1cc8205bb76381a38e4b7bce6320f627
at org.openqa.selenium.remote.codec.w3c.W3CHttpResponseCodec.createException(W3CHttpResponseCodec.java:200)
at org.openqa.selenium.remote.codec.w3c.W3CHttpResponseCodec.decode(W3CHttpResponseCodec.java:133)
at org.openqa.selenium.remote.codec.w3c.W3CHttpResponseCodec.decode(W3CHttpResponseCodec.java:53)
at org.openqa.selenium.remote.HttpCommandExecutor.execute(HttpCommandExecutor.java:184)
at org.openqa.selenium.remote.service.DriverCommandExecutor.invokeExecute(DriverCommandExecutor.java:167)
at org.openqa.selenium.remote.service.DriverCommandExecutor.execute(DriverCommandExecutor.java:142)
at org.openqa.selenium.remote.RemoteWebDriver.execute(RemoteWebDriver.java:535)
at org.openqa.selenium.remote.ElementLocation$ElementFinder$2.findElement(ElementLocation.java:162)
at org.openqa.selenium.remote.ElementLocation.findElement(ElementLocation.java:60)
at org.openqa.selenium.remote.RemoteWebDriver.findElement(RemoteWebDriver.java:351)
at org.openqa.selenium.remote.RemoteWebDriver.findElement(RemoteWebDriver.java:343)
at locators.WebTable_locators.firstName(WebTable_locators.java:49)
at actions.WebTable.edit_Row1(WebTable.java:25)
at testcases.Webtable_Test.editRow1(Webtable_Test.java:20)
at java.base/java.util.ArrayList.forEach(ArrayList.java:1511)
... Removed 32 stack frames]]>
    </failure>
  </testcase> <!-- editRow1 -->
  <testcase classname="testcases.Webtable_Test" name="submitData" time="0.012">
    <failure type="org.openqa.selenium.NoSuchElementException" message="no such element: Unable to locate element: {&amp;quot;method&amp;quot;:&amp;quot;css selector&amp;quot;,&amp;quot;selector&amp;quot;:&amp;quot;#submit&amp;quot;}
  (Session info: chrome=108.0.5359.124)
For documentation on this error, please visit: https://selenium.dev/exceptions/#no_such_element
Build info: version: &amp;apos;4.7.2&amp;apos;, revision: &amp;apos;4d4020c3b7&amp;apos;
System info: os.name: &amp;apos;Linux&amp;apos;, os.arch: &amp;apos;amd64&amp;apos;, os.version: &amp;apos;5.14.0-1056-oem&amp;apos;, java.version: &amp;apos;17.0.5&amp;apos;
Driver info: org.openqa.selenium.chrome.ChromeDriver
Command: [1cc8205bb76381a38e4b7bce6320f627, findElement {using=id, value=submit}]
Capabilities {acceptInsecureCerts: false, browserName: chrome, browserVersion: 108.0.5359.124, chrome: {chromedriverVersion: 108.0.5359.71 (1e0e3868ee06..., userDataDir: /tmp/.com.google.Chrome.go8b5V}, goog:chromeOptions: {debuggerAddress: localhost:33549}, networkConnectionEnabled: false, pageLoadStrategy: normal, platformName: LINUX, proxy: Proxy(), se:cdp: ws://localhost:33549/devtoo..., se:cdpVersion: 108.0.5359.124, setWindowRect: true, strictFileInteractability: false, timeouts: {implicit: 0, pageLoad: 300000, script: 30000}, unhandledPromptBehavior: dismiss and notify, webauthn:extension:credBlob: true, webauthn:extension:largeBlob: true, webauthn:virtualAuthenticators: true}
Session ID: 1cc8205bb76381a38e4b7bce6320f627">
      <![CDATA[org.openqa.selenium.NoSuchElementException: no such element: Unable to locate element: {"method":"css selector","selector":"#submit"}
  (Session info: chrome=108.0.5359.124)
For documentation on this error, please visit: https://selenium.dev/exceptions/#no_such_element
Build info: version: '4.7.2', revision: '4d4020c3b7'
System info: os.name: 'Linux', os.arch: 'amd64', os.version: '5.14.0-1056-oem', java.version: '17.0.5'
Driver info: org.openqa.selenium.chrome.ChromeDriver
Command: [1cc8205bb76381a38e4b7bce6320f627, findElement {using=id, value=submit}]
Capabilities {acceptInsecureCerts: false, browserName: chrome, browserVersion: 108.0.5359.124, chrome: {chromedriverVersion: 108.0.5359.71 (1e0e3868ee06..., userDataDir: /tmp/.com.google.Chrome.go8b5V}, goog:chromeOptions: {debuggerAddress: localhost:33549}, networkConnectionEnabled: false, pageLoadStrategy: normal, platformName: LINUX, proxy: Proxy(), se:cdp: ws://localhost:33549/devtoo..., se:cdpVersion: 108.0.5359.124, setWindowRect: true, strictFileInteractability: false, timeouts: {implicit: 0, pageLoad: 300000, script: 30000}, unhandledPromptBehavior: dismiss and notify, webauthn:extension:credBlob: true, webauthn:extension:largeBlob: true, webauthn:virtualAuthenticators: true}
Session ID: 1cc8205bb76381a38e4b7bce6320f627
at org.openqa.selenium.remote.codec.w3c.W3CHttpResponseCodec.createException(W3CHttpResponseCodec.java:200)
at org.openqa.selenium.remote.codec.w3c.W3CHttpResponseCodec.decode(W3CHttpResponseCodec.java:133)
at org.openqa.selenium.remote.codec.w3c.W3CHttpResponseCodec.decode(W3CHttpResponseCodec.java:53)
at org.openqa.selenium.remote.HttpCommandExecutor.execute(HttpCommandExecutor.java:184)
at org.openqa.selenium.remote.service.DriverCommandExecutor.invokeExecute(DriverCommandExecutor.java:167)
at org.openqa.selenium.remote.service.DriverCommandExecutor.execute(DriverCommandExecutor.java:142)
at org.openqa.selenium.remote.RemoteWebDriver.execute(RemoteWebDriver.java:535)
at org.openqa.selenium.remote.ElementLocation$ElementFinder$2.findElement(ElementLocation.java:162)
at org.openqa.selenium.remote.ElementLocation.findElement(ElementLocation.java:60)
at org.openqa.selenium.remote.RemoteWebDriver.findElement(RemoteWebDriver.java:351)
at org.openqa.selenium.remote.RemoteWebDriver.findElement(RemoteWebDriver.java:343)
at locators.WebTable_locators.submitBtn(WebTable_locators.java:73)
at actions.WebTable.submit_form(WebTable.java:41)
at testcases.Webtable_Test.submitData(Webtable_Test.java:25)
at java.base/java.util.ArrayList.forEach(ArrayList.java:1511)
... Removed 32 stack frames]]>
    </failure>
  </testcase> <!-- submitData -->
  <testcase classname="testcases.Webtable_Test" name="verifyEdits" time="0.057"/>
  <testcase classname="testcases.Buttons_Test" name="navigateToButtons" time="0.188"/>
  <testcase classname="testcases.Buttons_Test" name="doubleClick" time="0.172"/>
  <testcase classname="testcases.Buttons_Test" name="rightClick" time="0.152"/>
  <testcase classname="testcases.Buttons_Test" name="dynamicClick" time="0.197"/>
  <testcase classname="testcases.Buttons_Test" name="verifyDoubleClick" time="0.226"/>
  <testcase classname="testcases.Buttons_Test" name="verifyRightClick" time="0.055"/>
  <testcase classname="testcases.Buttons_Test" name="verifyDynamicClick" time="0.046"/>
  <testcase classname="testcases.Links_Test" name="navigateToLinks" time="0.178"/>
  <testcase classname="testcases.Links_Test" name="clickLinks" time="1.087"/>
  <testcase classname="testcases.BrokenLinks_Test" name="navigate_to_BrokenLinks" time="0.179"/>
  <testcase classname="testcases.BrokenLinks_Test" name="findBrokenLink" time="1.303"/>
  <testcase classname="testcases.BrokenLinks_Test" name="findBrokenImages" time="1.455"/>
  <testcase classname="testcases.UploadDownload_Test" name="navigateToButtons" time="0.179"/>
  <testcase classname="testcases.UploadDownload_Test" name="uploadFile" time="0.037"/>
  <testcase classname="testcases.UploadDownload_Test" name="downloadFile" time="0.07"/>
  <testcase classname="testcases.DynamicProperties_Test" name="navigateToDynamicProperties" time="0.167"/>
  <testcase classname="testcases.DynamicProperties_Test" name="verifyDisabledBtn" time="0.02"/>
  <testcase classname="testcases.DynamicProperties_Test" name="buttonColorBefore" time="0.023"/>
  <testcase classname="testcases.DynamicProperties_Test" name="waits" time="5.49"/>
  <testcase classname="testcases.DynamicProperties_Test" name="verifyEnabledBtn" time="0.039"/>
  <testcase classname="testcases.DynamicProperties_Test" name="verifyBtnColorChange" time="0.042"/>
  <testcase classname="testcases.DynamicProperties_Test" name="verifyVisibilityOfInvisibleBtn" time="0.048"/>
</testsuite> <!-- DemoQA -->
