<html>
<head>
<title>TestNG:  DemoQA</title>
<link href="../testng.css" rel="stylesheet" type="text/css" />
<link href="../my-testng.css" rel="stylesheet" type="text/css" />

<style type="text/css">
.log { display: none;} 
.stack-trace { display: none;} 
</style>
<script type="text/javascript">
<!--
function flip(e) {
  current = e.style.display;
  if (current == 'block') {
    e.style.display = 'none';
    return 0;
  }
  else {
    e.style.display = 'block';
    return 1;
  }
}

function toggleBox(szDivId, elem, msg1, msg2)
{
  var res = -1;  if (document.getElementById) {
    res = flip(document.getElementById(szDivId));
  }
  else if (document.all) {
    // this is the way old msie versions work
    res = flip(document.all[szDivId]);
  }
  if(elem) {
    if(res == 0) elem.innerHTML = msg1; else elem.innerHTML = msg2;
  }

}

function toggleAllBoxes() {
  if (document.getElementsByTagName) {
    d = document.getElementsByTagName('div');
    for (i = 0; i < d.length; i++) {
      if (d[i].className == 'log') {
        flip(d[i]);
      }
    }
  }
}

// -->
</script>

</head>
<body>
<h2 align='center'>DemoQA</h2><table border='1' align="center">
<tr>
<td>Tests passed/Failed/Skipped:</td><td>43/3/0</td>
</tr><tr>
<td>Started on:</td><td>Tue Jan 24 11:47:14 IST 2023</td>
</tr>
<tr><td>Total time:</td><td>136 seconds (136334 ms)</td>
</tr><tr>
<td>Included groups:</td><td></td>
</tr><tr>
<td>Excluded groups:</td><td></td>
</tr>
</table><p/>
<small><i>(Hover the method name to see the test class name)</i></small><p/>
<table width='100%' border='1' class='invocation-failed'>
<tr><td colspan='4' align='center'><b>FAILED TESTS</b></td></tr>
<tr><td><b>Test method</b></td>
<td width="30%"><b>Exception</b></td>
<td width="10%"><b>Time (seconds)</b></td>
<td><b>Instance</b></td>
</tr>
<tr>
<td title='testcases.RadioButton_Test.verifyDisabledRadio()'><b>verifyDisabledRadio</b><br>Test class: testcases.RadioButton_Test</td>
<td><div><pre>java.lang.AssertionError: expected [true] but found [false]
	at base.Base.isTrue(Base.java:89)
	at actions.RadioButton.verify_Disabled_Radio(RadioButton.java:33)
	at testcases.RadioButton_Test.verifyDisabledRadio(RadioButton_Test.java:24)
	at java.base/java.util.ArrayList.forEach(ArrayList.java:1511)
... Removed 31 stack frames</pre></div><a href='#' onClick='toggleBox("stack-trace476709123", this, "Click to show all stack frames", "Click to hide stack frames")'>Click to show all stack frames</a>
<div class='stack-trace' id='stack-trace476709123'><pre>java.lang.AssertionError: expected [true] but found [false]
	at org.testng.Assert.fail(Assert.java:99)
	at org.testng.Assert.failNotEquals(Assert.java:1037)
	at org.testng.Assert.assertTrue(Assert.java:45)
	at org.testng.Assert.assertTrue(Assert.java:55)
	at base.Base.isTrue(Base.java:89)
	at actions.RadioButton.verify_Disabled_Radio(RadioButton.java:33)
	at testcases.RadioButton_Test.verifyDisabledRadio(RadioButton_Test.java:24)
	at java.base/jdk.internal.reflect.NativeMethodAccessorImpl.invoke0(Native Method)
	at java.base/jdk.internal.reflect.NativeMethodAccessorImpl.invoke(NativeMethodAccessorImpl.java:77)
	at java.base/jdk.internal.reflect.DelegatingMethodAccessorImpl.invoke(DelegatingMethodAccessorImpl.java:43)
	at java.base/java.lang.reflect.Method.invoke(Method.java:568)
	at org.testng.internal.MethodInvocationHelper.invokeMethod(MethodInvocationHelper.java:133)
	at org.testng.internal.TestInvoker.invokeMethod(TestInvoker.java:598)
	at org.testng.internal.TestInvoker.invokeTestMethod(TestInvoker.java:173)
	at org.testng.internal.MethodRunner.runInSequence(MethodRunner.java:46)
	at org.testng.internal.TestInvoker$MethodInvocationAgent.invoke(TestInvoker.java:824)
	at org.testng.internal.TestInvoker.invokeTestMethods(TestInvoker.java:146)
	at org.testng.internal.TestMethodWorker.invokeTestMethods(TestMethodWorker.java:146)
	at org.testng.internal.TestMethodWorker.run(TestMethodWorker.java:128)
	at java.base/java.util.ArrayList.forEach(ArrayList.java:1511)
	at org.testng.TestRunner.privateRun(TestRunner.java:794)
	at org.testng.TestRunner.run(TestRunner.java:596)
	at org.testng.SuiteRunner.runTest(SuiteRunner.java:377)
	at org.testng.SuiteRunner.runSequentially(SuiteRunner.java:371)
	at org.testng.SuiteRunner.privateRun(SuiteRunner.java:332)
	at org.testng.SuiteRunner.run(SuiteRunner.java:276)
	at org.testng.SuiteRunnerWorker.runSuite(SuiteRunnerWorker.java:53)
	at org.testng.SuiteRunnerWorker.run(SuiteRunnerWorker.java:96)
	at org.testng.TestNG.runSuitesSequentially(TestNG.java:1212)
	at org.testng.TestNG.runSuitesLocally(TestNG.java:1134)
	at org.testng.TestNG.runSuites(TestNG.java:1063)
	at org.testng.TestNG.run(TestNG.java:1031)
	at org.testng.remote.AbstractRemoteTestNG.run(AbstractRemoteTestNG.java:115)
	at org.testng.remote.RemoteTestNG.initAndRun(RemoteTestNG.java:251)
	at org.testng.remote.RemoteTestNG.main(RemoteTestNG.java:77)
</pre></div></td>
<td>0</td>
<td>testcases.RadioButton_Test@8ff5094</td></tr>
<tr>
<td title='testcases.Webtable_Test.editRow1()'><b>editRow1</b><br>Test class: testcases.Webtable_Test</td>
<td><div><pre>org.openqa.selenium.NoSuchElementException: no such element: Unable to locate element: {&quot;method&quot;:&quot;css selector&quot;,&quot;selector&quot;:&quot;#firstName&quot;}
  (Session info: chrome=108.0.5359.124)
For documentation on this error, please visit: https://selenium.dev/exceptions/#no_such_element
Build info: version: &apos;4.7.2&apos;, revision: &apos;4d4020c3b7&apos;
System info: os.name: &apos;Linux&apos;, os.arch: &apos;amd64&apos;, os.version: &apos;5.14.0-1056-oem&apos;, java.version: &apos;17.0.5&apos;
Driver info: org.openqa.selenium.chrome.ChromeDriver
Command: [1cc8205bb76381a38e4b7bce6320f627, findElement {using=id, value=firstName}]
Capabilities {acceptInsecureCerts: false, browserName: chrome, browserVersion: 108.0.5359.124, chrome: {chromedriverVersion: 108.0.5359.71 (1e0e3868ee06..., userDataDir: /tmp/.com.google.Chrome.go8b5V}, goog:chromeOptions: {debuggerAddress: localhost:33549}, networkConnectionEnabled: false, pageLoadStrategy: normal, platformName: LINUX, proxy: Proxy(), se:cdp: ws://localhost:33549/devtoo..., se:cdpVersion: 108.0.5359.124, setWindowRect: true, strictFileInteractability: false, timeouts: {implicit: 0, pageLoad: 300000, script: 30000}, unhandledPromptBehavior: dismiss and notify, webauthn:extension:credBlob: true, webauthn:extension:largeBlob: true, webauthn:virtualAuthenticators: true}
Session ID: 1cc8205bb76381a38e4b7bce6320f627
	at org.openqa.selenium.remote.codec.w3c.W3CHttpResponseCodec.createException(W3CHttpResponseCodec.java:200)
	at org.openqa.selenium.remote.codec.w3c.W3CHttpResponseCodec.decode(W3CHttpResponseCodec.java:133)
	at org.openqa.selenium.remote.codec.w3c.W3CHttpResponseCodec.decode(W3CHttpResponseCodec.java:53)
	at org.openqa.selenium.remote.HttpCommandExecutor.execute(HttpCommandExecutor.java:184)
	at org.openqa.selenium.remote.service.DriverCommandExecutor.invokeExecute(DriverCommandExecutor.java:167)
	at org.openqa.selenium.remote.service.DriverCommandExecutor.execute(DriverCommandExecutor.java:142)
	at org.openqa.selenium.remote.RemoteWebDriver.execute(RemoteWebDriver.java:535)
	at org.openqa.selenium.remote.ElementLocation$ElementFinder$2.findElement(ElementLocation.java:162)
	at org.openqa.selenium.remote.ElementLocation.findElement(ElementLocation.java:60)
	at org.openqa.selenium.remote.RemoteWebDriver.findElement(RemoteWebDriver.java:351)
	at org.openqa.selenium.remote.RemoteWebDriver.findElement(RemoteWebDriver.java:343)
	at locators.WebTable_locators.firstName(WebTable_locators.java:49)
	at actions.WebTable.edit_Row1(WebTable.java:25)
	at testcases.Webtable_Test.editRow1(Webtable_Test.java:20)
	at java.base/java.util.ArrayList.forEach(ArrayList.java:1511)
... Removed 32 stack frames</pre></div><a href='#' onClick='toggleBox("stack-trace630359980", this, "Click to show all stack frames", "Click to hide stack frames")'>Click to show all stack frames</a>
<div class='stack-trace' id='stack-trace630359980'><pre>org.openqa.selenium.NoSuchElementException: no such element: Unable to locate element: {&quot;method&quot;:&quot;css selector&quot;,&quot;selector&quot;:&quot;#firstName&quot;}
  (Session info: chrome=108.0.5359.124)
For documentation on this error, please visit: https://selenium.dev/exceptions/#no_such_element
Build info: version: &apos;4.7.2&apos;, revision: &apos;4d4020c3b7&apos;
System info: os.name: &apos;Linux&apos;, os.arch: &apos;amd64&apos;, os.version: &apos;5.14.0-1056-oem&apos;, java.version: &apos;17.0.5&apos;
Driver info: org.openqa.selenium.chrome.ChromeDriver
Command: [1cc8205bb76381a38e4b7bce6320f627, findElement {using=id, value=firstName}]
Capabilities {acceptInsecureCerts: false, browserName: chrome, browserVersion: 108.0.5359.124, chrome: {chromedriverVersion: 108.0.5359.71 (1e0e3868ee06..., userDataDir: /tmp/.com.google.Chrome.go8b5V}, goog:chromeOptions: {debuggerAddress: localhost:33549}, networkConnectionEnabled: false, pageLoadStrategy: normal, platformName: LINUX, proxy: Proxy(), se:cdp: ws://localhost:33549/devtoo..., se:cdpVersion: 108.0.5359.124, setWindowRect: true, strictFileInteractability: false, timeouts: {implicit: 0, pageLoad: 300000, script: 30000}, unhandledPromptBehavior: dismiss and notify, webauthn:extension:credBlob: true, webauthn:extension:largeBlob: true, webauthn:virtualAuthenticators: true}
Session ID: 1cc8205bb76381a38e4b7bce6320f627
	at java.base/jdk.internal.reflect.NativeConstructorAccessorImpl.newInstance0(Native Method)
	at java.base/jdk.internal.reflect.NativeConstructorAccessorImpl.newInstance(NativeConstructorAccessorImpl.java:77)
	at java.base/jdk.internal.reflect.DelegatingConstructorAccessorImpl.newInstance(DelegatingConstructorAccessorImpl.java:45)
	at java.base/java.lang.reflect.Constructor.newInstanceWithCaller(Constructor.java:499)
	at java.base/java.lang.reflect.Constructor.newInstance(Constructor.java:480)
	at org.openqa.selenium.remote.codec.w3c.W3CHttpResponseCodec.createException(W3CHttpResponseCodec.java:200)
	at org.openqa.selenium.remote.codec.w3c.W3CHttpResponseCodec.decode(W3CHttpResponseCodec.java:133)
	at org.openqa.selenium.remote.codec.w3c.W3CHttpResponseCodec.decode(W3CHttpResponseCodec.java:53)
	at org.openqa.selenium.remote.HttpCommandExecutor.execute(HttpCommandExecutor.java:184)
	at org.openqa.selenium.remote.service.DriverCommandExecutor.invokeExecute(DriverCommandExecutor.java:167)
	at org.openqa.selenium.remote.service.DriverCommandExecutor.execute(DriverCommandExecutor.java:142)
	at org.openqa.selenium.remote.RemoteWebDriver.execute(RemoteWebDriver.java:535)
	at org.openqa.selenium.remote.ElementLocation$ElementFinder$2.findElement(ElementLocation.java:162)
	at org.openqa.selenium.remote.ElementLocation.findElement(ElementLocation.java:60)
	at org.openqa.selenium.remote.RemoteWebDriver.findElement(RemoteWebDriver.java:351)
	at org.openqa.selenium.remote.RemoteWebDriver.findElement(RemoteWebDriver.java:343)
	at locators.WebTable_locators.firstName(WebTable_locators.java:49)
	at actions.WebTable.edit_Row1(WebTable.java:25)
	at testcases.Webtable_Test.editRow1(Webtable_Test.java:20)
	at java.base/jdk.internal.reflect.NativeMethodAccessorImpl.invoke0(Native Method)
	at java.base/jdk.internal.reflect.NativeMethodAccessorImpl.invoke(NativeMethodAccessorImpl.java:77)
	at java.base/jdk.internal.reflect.DelegatingMethodAccessorImpl.invoke(DelegatingMethodAccessorImpl.java:43)
	at java.base/java.lang.reflect.Method.invoke(Method.java:568)
	at org.testng.internal.MethodInvocationHelper.invokeMethod(MethodInvocationHelper.java:133)
	at org.testng.internal.TestInvoker.invokeMethod(TestInvoker.java:598)
	at org.testng.internal.TestInvoker.invokeTestMethod(TestInvoker.java:173)
	at org.testng.internal.MethodRunner.runInSequence(MethodRunner.java:46)
	at org.testng.internal.TestInvoker$MethodInvocationAgent.invoke(TestInvoker.java:824)
	at org.testng.internal.TestInvoker.invokeTestMethods(TestInvoker.java:146)
	at org.testng.internal.TestMethodWorker.invokeTestMethods(TestMethodWorker.java:146)
	at org.testng.internal.TestMethodWorker.run(TestMethodWorker.java:128)
	at java.base/java.util.ArrayList.forEach(ArrayList.java:1511)
	at org.testng.TestRunner.privateRun(TestRunner.java:794)
	at org.testng.TestRunner.run(TestRunner.java:596)
	at org.testng.SuiteRunner.runTest(SuiteRunner.java:377)
	at org.testng.SuiteRunner.runSequentially(SuiteRunner.java:371)
	at org.testng.SuiteRunner.privateRun(SuiteRunner.java:332)
	at org.testng.SuiteRunner.run(SuiteRunner.java:276)
	at org.testng.SuiteRunnerWorker.runSuite(SuiteRunnerWorker.java:53)
	at org.testng.SuiteRunnerWorker.run(SuiteRunnerWorker.java:96)
	at org.testng.TestNG.runSuitesSequentially(TestNG.java:1212)
	at org.testng.TestNG.runSuitesLocally(TestNG.java:1134)
	at org.testng.TestNG.runSuites(TestNG.java:1063)
	at org.testng.TestNG.run(TestNG.java:1031)
	at org.testng.remote.AbstractRemoteTestNG.run(AbstractRemoteTestNG.java:115)
	at org.testng.remote.RemoteTestNG.initAndRun(RemoteTestNG.java:251)
	at org.testng.remote.RemoteTestNG.main(RemoteTestNG.java:77)
</pre></div></td>
<td>0</td>
<td>testcases.Webtable_Test@301aa982</td></tr>
<tr>
<td title='testcases.Webtable_Test.submitData()'><b>submitData</b><br>Test class: testcases.Webtable_Test</td>
<td><div><pre>org.openqa.selenium.NoSuchElementException: no such element: Unable to locate element: {&quot;method&quot;:&quot;css selector&quot;,&quot;selector&quot;:&quot;#submit&quot;}
  (Session info: chrome=108.0.5359.124)
For documentation on this error, please visit: https://selenium.dev/exceptions/#no_such_element
Build info: version: &apos;4.7.2&apos;, revision: &apos;4d4020c3b7&apos;
System info: os.name: &apos;Linux&apos;, os.arch: &apos;amd64&apos;, os.version: &apos;5.14.0-1056-oem&apos;, java.version: &apos;17.0.5&apos;
Driver info: org.openqa.selenium.chrome.ChromeDriver
Command: [1cc8205bb76381a38e4b7bce6320f627, findElement {using=id, value=submit}]
Capabilities {acceptInsecureCerts: false, browserName: chrome, browserVersion: 108.0.5359.124, chrome: {chromedriverVersion: 108.0.5359.71 (1e0e3868ee06..., userDataDir: /tmp/.com.google.Chrome.go8b5V}, goog:chromeOptions: {debuggerAddress: localhost:33549}, networkConnectionEnabled: false, pageLoadStrategy: normal, platformName: LINUX, proxy: Proxy(), se:cdp: ws://localhost:33549/devtoo..., se:cdpVersion: 108.0.5359.124, setWindowRect: true, strictFileInteractability: false, timeouts: {implicit: 0, pageLoad: 300000, script: 30000}, unhandledPromptBehavior: dismiss and notify, webauthn:extension:credBlob: true, webauthn:extension:largeBlob: true, webauthn:virtualAuthenticators: true}
Session ID: 1cc8205bb76381a38e4b7bce6320f627
	at org.openqa.selenium.remote.codec.w3c.W3CHttpResponseCodec.createException(W3CHttpResponseCodec.java:200)
	at org.openqa.selenium.remote.codec.w3c.W3CHttpResponseCodec.decode(W3CHttpResponseCodec.java:133)
	at org.openqa.selenium.remote.codec.w3c.W3CHttpResponseCodec.decode(W3CHttpResponseCodec.java:53)
	at org.openqa.selenium.remote.HttpCommandExecutor.execute(HttpCommandExecutor.java:184)
	at org.openqa.selenium.remote.service.DriverCommandExecutor.invokeExecute(DriverCommandExecutor.java:167)
	at org.openqa.selenium.remote.service.DriverCommandExecutor.execute(DriverCommandExecutor.java:142)
	at org.openqa.selenium.remote.RemoteWebDriver.execute(RemoteWebDriver.java:535)
	at org.openqa.selenium.remote.ElementLocation$ElementFinder$2.findElement(ElementLocation.java:162)
	at org.openqa.selenium.remote.ElementLocation.findElement(ElementLocation.java:60)
	at org.openqa.selenium.remote.RemoteWebDriver.findElement(RemoteWebDriver.java:351)
	at org.openqa.selenium.remote.RemoteWebDriver.findElement(RemoteWebDriver.java:343)
	at locators.WebTable_locators.submitBtn(WebTable_locators.java:73)
	at actions.WebTable.submit_form(WebTable.java:41)
	at testcases.Webtable_Test.submitData(Webtable_Test.java:25)
	at java.base/java.util.ArrayList.forEach(ArrayList.java:1511)
... Removed 32 stack frames</pre></div><a href='#' onClick='toggleBox("stack-trace1587279684", this, "Click to show all stack frames", "Click to hide stack frames")'>Click to show all stack frames</a>
<div class='stack-trace' id='stack-trace1587279684'><pre>org.openqa.selenium.NoSuchElementException: no such element: Unable to locate element: {&quot;method&quot;:&quot;css selector&quot;,&quot;selector&quot;:&quot;#submit&quot;}
  (Session info: chrome=108.0.5359.124)
For documentation on this error, please visit: https://selenium.dev/exceptions/#no_such_element
Build info: version: &apos;4.7.2&apos;, revision: &apos;4d4020c3b7&apos;
System info: os.name: &apos;Linux&apos;, os.arch: &apos;amd64&apos;, os.version: &apos;5.14.0-1056-oem&apos;, java.version: &apos;17.0.5&apos;
Driver info: org.openqa.selenium.chrome.ChromeDriver
Command: [1cc8205bb76381a38e4b7bce6320f627, findElement {using=id, value=submit}]
Capabilities {acceptInsecureCerts: false, browserName: chrome, browserVersion: 108.0.5359.124, chrome: {chromedriverVersion: 108.0.5359.71 (1e0e3868ee06..., userDataDir: /tmp/.com.google.Chrome.go8b5V}, goog:chromeOptions: {debuggerAddress: localhost:33549}, networkConnectionEnabled: false, pageLoadStrategy: normal, platformName: LINUX, proxy: Proxy(), se:cdp: ws://localhost:33549/devtoo..., se:cdpVersion: 108.0.5359.124, setWindowRect: true, strictFileInteractability: false, timeouts: {implicit: 0, pageLoad: 300000, script: 30000}, unhandledPromptBehavior: dismiss and notify, webauthn:extension:credBlob: true, webauthn:extension:largeBlob: true, webauthn:virtualAuthenticators: true}
Session ID: 1cc8205bb76381a38e4b7bce6320f627
	at java.base/jdk.internal.reflect.NativeConstructorAccessorImpl.newInstance0(Native Method)
	at java.base/jdk.internal.reflect.NativeConstructorAccessorImpl.newInstance(NativeConstructorAccessorImpl.java:77)
	at java.base/jdk.internal.reflect.DelegatingConstructorAccessorImpl.newInstance(DelegatingConstructorAccessorImpl.java:45)
	at java.base/java.lang.reflect.Constructor.newInstanceWithCaller(Constructor.java:499)
	at java.base/java.lang.reflect.Constructor.newInstance(Constructor.java:480)
	at org.openqa.selenium.remote.codec.w3c.W3CHttpResponseCodec.createException(W3CHttpResponseCodec.java:200)
	at org.openqa.selenium.remote.codec.w3c.W3CHttpResponseCodec.decode(W3CHttpResponseCodec.java:133)
	at org.openqa.selenium.remote.codec.w3c.W3CHttpResponseCodec.decode(W3CHttpResponseCodec.java:53)
	at org.openqa.selenium.remote.HttpCommandExecutor.execute(HttpCommandExecutor.java:184)
	at org.openqa.selenium.remote.service.DriverCommandExecutor.invokeExecute(DriverCommandExecutor.java:167)
	at org.openqa.selenium.remote.service.DriverCommandExecutor.execute(DriverCommandExecutor.java:142)
	at org.openqa.selenium.remote.RemoteWebDriver.execute(RemoteWebDriver.java:535)
	at org.openqa.selenium.remote.ElementLocation$ElementFinder$2.findElement(ElementLocation.java:162)
	at org.openqa.selenium.remote.ElementLocation.findElement(ElementLocation.java:60)
	at org.openqa.selenium.remote.RemoteWebDriver.findElement(RemoteWebDriver.java:351)
	at org.openqa.selenium.remote.RemoteWebDriver.findElement(RemoteWebDriver.java:343)
	at locators.WebTable_locators.submitBtn(WebTable_locators.java:73)
	at actions.WebTable.submit_form(WebTable.java:41)
	at testcases.Webtable_Test.submitData(Webtable_Test.java:25)
	at java.base/jdk.internal.reflect.NativeMethodAccessorImpl.invoke0(Native Method)
	at java.base/jdk.internal.reflect.NativeMethodAccessorImpl.invoke(NativeMethodAccessorImpl.java:77)
	at java.base/jdk.internal.reflect.DelegatingMethodAccessorImpl.invoke(DelegatingMethodAccessorImpl.java:43)
	at java.base/java.lang.reflect.Method.invoke(Method.java:568)
	at org.testng.internal.MethodInvocationHelper.invokeMethod(MethodInvocationHelper.java:133)
	at org.testng.internal.TestInvoker.invokeMethod(TestInvoker.java:598)
	at org.testng.internal.TestInvoker.invokeTestMethod(TestInvoker.java:173)
	at org.testng.internal.MethodRunner.runInSequence(MethodRunner.java:46)
	at org.testng.internal.TestInvoker$MethodInvocationAgent.invoke(TestInvoker.java:824)
	at org.testng.internal.TestInvoker.invokeTestMethods(TestInvoker.java:146)
	at org.testng.internal.TestMethodWorker.invokeTestMethods(TestMethodWorker.java:146)
	at org.testng.internal.TestMethodWorker.run(TestMethodWorker.java:128)
	at java.base/java.util.ArrayList.forEach(ArrayList.java:1511)
	at org.testng.TestRunner.privateRun(TestRunner.java:794)
	at org.testng.TestRunner.run(TestRunner.java:596)
	at org.testng.SuiteRunner.runTest(SuiteRunner.java:377)
	at org.testng.SuiteRunner.runSequentially(SuiteRunner.java:371)
	at org.testng.SuiteRunner.privateRun(SuiteRunner.java:332)
	at org.testng.SuiteRunner.run(SuiteRunner.java:276)
	at org.testng.SuiteRunnerWorker.runSuite(SuiteRunnerWorker.java:53)
	at org.testng.SuiteRunnerWorker.run(SuiteRunnerWorker.java:96)
	at org.testng.TestNG.runSuitesSequentially(TestNG.java:1212)
	at org.testng.TestNG.runSuitesLocally(TestNG.java:1134)
	at org.testng.TestNG.runSuites(TestNG.java:1063)
	at org.testng.TestNG.run(TestNG.java:1031)
	at org.testng.remote.AbstractRemoteTestNG.run(AbstractRemoteTestNG.java:115)
	at org.testng.remote.RemoteTestNG.initAndRun(RemoteTestNG.java:251)
	at org.testng.remote.RemoteTestNG.main(RemoteTestNG.java:77)
</pre></div></td>
<td>0</td>
<td>testcases.Webtable_Test@301aa982</td></tr>
</table><p>
<table width='100%' border='1' class='invocation-passed'>
<tr><td colspan='4' align='center'><b>PASSED TESTS</b></td></tr>
<tr><td><b>Test method</b></td>
<td width="30%"><b>Exception</b></td>
<td width="10%"><b>Time (seconds)</b></td>
<td><b>Instance</b></td>
</tr>
<tr>
<td title='testcases.Textbox_Test.navigate_to_textbox()'><b>navigate_to_textbox</b><br>Test class: testcases.Textbox_Test</td>
<td></td>
<td>0</td>
<td>testcases.Textbox_Test@75e710b</td></tr>
<tr>
<td title='testcases.Buttons_Test.doubleClick()'><b>doubleClick</b><br>Test class: testcases.Buttons_Test</td>
<td></td>
<td>0</td>
<td>testcases.Buttons_Test@c6634d</td></tr>
<tr>
<td title='testcases.Textbox_Test.click_submit()'><b>click_submit</b><br>Test class: testcases.Textbox_Test</td>
<td></td>
<td>0</td>
<td>testcases.Textbox_Test@75e710b</td></tr>
<tr>
<td title='testcases.Buttons_Test.verifyDynamicClick()'><b>verifyDynamicClick</b><br>Test class: testcases.Buttons_Test</td>
<td></td>
<td>0</td>
<td>testcases.Buttons_Test@c6634d</td></tr>
<tr>
<td title='testcases.Links_Test.clickLinks()'><b>clickLinks</b><br>Test class: testcases.Links_Test</td>
<td></td>
<td>1</td>
<td>testcases.Links_Test@4ba380c7</td></tr>
<tr>
<td title='testcases.Buttons_Test.navigateToButtons()'><b>navigateToButtons</b><br>Test class: testcases.Buttons_Test</td>
<td></td>
<td>0</td>
<td>testcases.Buttons_Test@c6634d</td></tr>
<tr>
<td title='testcases.DynamicProperties_Test.verifyVisibilityOfInvisibleBtn()'><b>verifyVisibilityOfInvisibleBtn</b><br>Test class: testcases.DynamicProperties_Test</td>
<td></td>
<td>0</td>
<td>testcases.DynamicProperties_Test@61f80d55</td></tr>
<tr>
<td title='testcases.Webtable_Test.printRow1()'><b>printRow1</b><br>Test class: testcases.Webtable_Test</td>
<td></td>
<td>0</td>
<td>testcases.Webtable_Test@301aa982</td></tr>
<tr>
<td title='testcases.Buttons_Test.verifyDoubleClick()'><b>verifyDoubleClick</b><br>Test class: testcases.Buttons_Test</td>
<td></td>
<td>0</td>
<td>testcases.Buttons_Test@c6634d</td></tr>
<tr>
<td title='testcases.BrokenLinks_Test.navigate_to_BrokenLinks()'><b>navigate_to_BrokenLinks</b><br>Test class: testcases.BrokenLinks_Test</td>
<td></td>
<td>0</td>
<td>testcases.BrokenLinks_Test@29528a22</td></tr>
<tr>
<td title='testcases.RadioButton_Test.verifyResult()'><b>verifyResult</b><br>Test class: testcases.RadioButton_Test</td>
<td></td>
<td>0</td>
<td>testcases.RadioButton_Test@8ff5094</td></tr>
<tr>
<td title='testcases.Links_Test.navigateToLinks()'><b>navigateToLinks</b><br>Test class: testcases.Links_Test</td>
<td></td>
<td>0</td>
<td>testcases.Links_Test@4ba380c7</td></tr>
<tr>
<td title='testcases.Buttons_Test.verifyRightClick()'><b>verifyRightClick</b><br>Test class: testcases.Buttons_Test</td>
<td></td>
<td>0</td>
<td>testcases.Buttons_Test@c6634d</td></tr>
<tr>
<td title='testcases.Checkbox_Test.verifySelectedCheckBox()'><b>verifySelectedCheckBox</b><br>Test class: testcases.Checkbox_Test</td>
<td></td>
<td>0</td>
<td>testcases.Checkbox_Test@681adc8f</td></tr>
<tr>
<td title='testcases.UploadDownload_Test.downloadFile()'><b>downloadFile</b><br>Test class: testcases.UploadDownload_Test</td>
<td></td>
<td>0</td>
<td>testcases.UploadDownload_Test@4ce14f05</td></tr>
<tr>
<td title='testcases.DynamicProperties_Test.navigateToDynamicProperties()'><b>navigateToDynamicProperties</b><br>Test class: testcases.DynamicProperties_Test</td>
<td></td>
<td>0</td>
<td>testcases.DynamicProperties_Test@61f80d55</td></tr>
<tr>
<td title='testcases.UploadDownload_Test.uploadFile()'><b>uploadFile</b><br>Test class: testcases.UploadDownload_Test</td>
<td></td>
<td>0</td>
<td>testcases.UploadDownload_Test@4ce14f05</td></tr>
<tr>
<td title='testcases.UploadDownload_Test.navigateToButtons()'><b>navigateToButtons</b><br>Test class: testcases.UploadDownload_Test</td>
<td></td>
<td>0</td>
<td>testcases.UploadDownload_Test@4ce14f05</td></tr>
<tr>
<td title='testcases.Textbox_Test.enter_PermanentAddress()'><b>enter_PermanentAddress</b><br>Test class: testcases.Textbox_Test</td>
<td></td>
<td>0</td>
<td>testcases.Textbox_Test@75e710b</td></tr>
<tr>
<td title='testcases.Textbox_Test.verify_Submitted_Email()'><b>verify_Submitted_Email</b><br>Test class: testcases.Textbox_Test</td>
<td></td>
<td>0</td>
<td>testcases.Textbox_Test@75e710b</td></tr>
<tr>
<td title='testcases.BrokenLinks_Test.findBrokenLink()'><b>findBrokenLink</b><br>Test class: testcases.BrokenLinks_Test</td>
<td></td>
<td>1</td>
<td>testcases.BrokenLinks_Test@29528a22</td></tr>
<tr>
<td title='testcases.DynamicProperties_Test.verifyDisabledBtn()'><b>verifyDisabledBtn</b><br>Test class: testcases.DynamicProperties_Test</td>
<td></td>
<td>0</td>
<td>testcases.DynamicProperties_Test@61f80d55</td></tr>
<tr>
<td title='testcases.RadioButton_Test.clickRadioButton()'><b>clickRadioButton</b><br>Test class: testcases.RadioButton_Test</td>
<td></td>
<td>0</td>
<td>testcases.RadioButton_Test@8ff5094</td></tr>
<tr>
<td title='testcases.BrokenLinks_Test.findBrokenImages()'><b>findBrokenImages</b><br>Test class: testcases.BrokenLinks_Test</td>
<td></td>
<td>1</td>
<td>testcases.BrokenLinks_Test@29528a22</td></tr>
<tr>
<td title='testcases.Textbox_Test.verify_Email_Label()'><b>verify_Email_Label</b><br>Test class: testcases.Textbox_Test</td>
<td></td>
<td>0</td>
<td>testcases.Textbox_Test@75e710b</td></tr>
<tr>
<td title='testcases.Textbox_Test.verify_PermanentAddress_Label()'><b>verify_PermanentAddress_Label</b><br>Test class: testcases.Textbox_Test</td>
<td></td>
<td>0</td>
<td>testcases.Textbox_Test@75e710b</td></tr>
<tr>
<td title='testcases.Textbox_Test.verify_Submitted_Full_Name()'><b>verify_Submitted_Full_Name</b><br>Test class: testcases.Textbox_Test</td>
<td></td>
<td>0</td>
<td>testcases.Textbox_Test@75e710b</td></tr>
<tr>
<td title='testcases.DynamicProperties_Test.waits()'><b>waits</b><br>Test class: testcases.DynamicProperties_Test</td>
<td></td>
<td>5</td>
<td>testcases.DynamicProperties_Test@61f80d55</td></tr>
<tr>
<td title='testcases.Textbox_Test.enter_CurrentAddress()'><b>enter_CurrentAddress</b><br>Test class: testcases.Textbox_Test</td>
<td></td>
<td>0</td>
<td>testcases.Textbox_Test@75e710b</td></tr>
<tr>
<td title='testcases.Textbox_Test.enter_FullName()'><b>enter_FullName</b><br>Test class: testcases.Textbox_Test</td>
<td></td>
<td>0</td>
<td>testcases.Textbox_Test@75e710b</td></tr>
<tr>
<td title='testcases.DynamicProperties_Test.verifyBtnColorChange()'><b>verifyBtnColorChange</b><br>Test class: testcases.DynamicProperties_Test</td>
<td></td>
<td>0</td>
<td>testcases.DynamicProperties_Test@61f80d55</td></tr>
<tr>
<td title='testcases.Textbox_Test.verify_Full_Name_Label()'><b>verify_Full_Name_Label</b><br>Test class: testcases.Textbox_Test</td>
<td></td>
<td>0</td>
<td>testcases.Textbox_Test@75e710b</td></tr>
<tr>
<td title='testcases.Buttons_Test.rightClick()'><b>rightClick</b><br>Test class: testcases.Buttons_Test</td>
<td></td>
<td>0</td>
<td>testcases.Buttons_Test@c6634d</td></tr>
<tr>
<td title='testcases.Textbox_Test.verify_CurrentAddress_Label()'><b>verify_CurrentAddress_Label</b><br>Test class: testcases.Textbox_Test</td>
<td></td>
<td>0</td>
<td>testcases.Textbox_Test@75e710b</td></tr>
<tr>
<td title='testcases.Webtable_Test.verifyEdits()'><b>verifyEdits</b><br>Test class: testcases.Webtable_Test</td>
<td></td>
<td>0</td>
<td>testcases.Webtable_Test@301aa982</td></tr>
<tr>
<td title='testcases.Textbox_Test.enter_Email()'><b>enter_Email</b><br>Test class: testcases.Textbox_Test</td>
<td></td>
<td>0</td>
<td>testcases.Textbox_Test@75e710b</td></tr>
<tr>
<td title='testcases.Textbox_Test.verify_Submitted_Permanent_Address()'><b>verify_Submitted_Permanent_Address</b><br>Test class: testcases.Textbox_Test</td>
<td></td>
<td>0</td>
<td>testcases.Textbox_Test@75e710b</td></tr>
<tr>
<td title='testcases.Checkbox_Test.navigate_to_checkbox()'><b>navigate_to_checkbox</b><br>Test class: testcases.Checkbox_Test</td>
<td></td>
<td>0</td>
<td>testcases.Checkbox_Test@681adc8f</td></tr>
<tr>
<td title='testcases.Buttons_Test.dynamicClick()'><b>dynamicClick</b><br>Test class: testcases.Buttons_Test</td>
<td></td>
<td>0</td>
<td>testcases.Buttons_Test@c6634d</td></tr>
<tr>
<td title='testcases.DynamicProperties_Test.buttonColorBefore()'><b>buttonColorBefore</b><br>Test class: testcases.DynamicProperties_Test</td>
<td></td>
<td>0</td>
<td>testcases.DynamicProperties_Test@61f80d55</td></tr>
<tr>
<td title='testcases.Textbox_Test.verify_Submitted_Current_Address()'><b>verify_Submitted_Current_Address</b><br>Test class: testcases.Textbox_Test</td>
<td></td>
<td>0</td>
<td>testcases.Textbox_Test@75e710b</td></tr>
<tr>
<td title='testcases.Checkbox_Test.click_checkbox()'><b>click_checkbox</b><br>Test class: testcases.Checkbox_Test</td>
<td></td>
<td>0</td>
<td>testcases.Checkbox_Test@681adc8f</td></tr>
<tr>
<td title='testcases.DynamicProperties_Test.verifyEnabledBtn()'><b>verifyEnabledBtn</b><br>Test class: testcases.DynamicProperties_Test</td>
<td></td>
<td>0</td>
<td>testcases.DynamicProperties_Test@61f80d55</td></tr>
</table><p>
</body>
</html>